wandb: Using wandb-core as the SDK backend.  Please refer to https://wandb.me/wandb-core for more information.
wandb: Currently logged in as: apoorv1009 (apoorv10). Use `wandb login --relogin` to force relogin
wandb: Tracking run with wandb version 0.19.1
wandb: Run data is saved locally in /fs/classhomes/fall2024/cmsc848k/c848k062/ObitoNet/wandb/run-20241213_210602-a8d7wir8
wandb: Run `wandb offline` to turn off syncing.
wandb: Syncing run worthy-moon-5
wandb: ⭐️ View project at https://wandb.ai/apoorv10/obitonet
wandb: 🚀 View run at https://wandb.ai/apoorv10/obitonet/runs/a8d7wir8
Copy the Config file from configs/config.yaml to ./current_run/config/configs/nexustest/config.yaml
Set random seed to 0, deterministic: False
{'_base_': {'NAME': 'TanksAndTemples', 'N_POINTS': 16384, 'PC_PATH': 'dataset/TanksAndTemples', 'IMG_PATH': 'dataset/TanksAndTemples', 'TRAIN_PATH': 'dataset/TanksAndTemples/test.csv', 'TEST_PATH': 'dataset/TanksAndTemples/test.csv'}, 'others': {'subset': 'train', 'npoints': 16384, 'bs': 32}}
{'_base_': {'NAME': 'TanksAndTemples', 'N_POINTS': 16384, 'PC_PATH': 'dataset/TanksAndTemples', 'IMG_PATH': 'dataset/TanksAndTemples', 'TRAIN_PATH': 'dataset/TanksAndTemples/test.csv', 'TEST_PATH': 'dataset/TanksAndTemples/test.csv'}, 'others': {'subset': 'test', 'npoints': 16384, 'bs': 64}}
/fs/classhomes/fall2024/cmsc848k/c848k062/miniconda3/envs/obito_env/lib/python3.10/site-packages/torch/utils/data/dataloader.py:617: UserWarning: This DataLoader will create 8 worker processes in total. Our suggested max number of worker in current system is 1, which is smaller than what this DataLoader is going to create. Please be aware that excessive worker creation might get DataLoader running slow or even freeze, lower the worker number to avoid potential slowness/freeze if necessary.
  warnings.warn(
/fs/classhomes/fall2024/cmsc848k/c848k062/miniconda3/envs/obito_env/lib/python3.10/site-packages/torch/utils/data/dataloader.py:617: UserWarning: This DataLoader will create 8 worker processes in total. Our suggested max number of worker in current system is 1, which is smaller than what this DataLoader is going to create. Please be aware that excessive worker creation might get DataLoader running slow or even freeze, lower the worker number to avoid potential slowness/freeze if necessary.
  warnings.warn(
Using Data parallel ...
/fs/classhomes/fall2024/cmsc848k/c848k062/miniconda3/envs/obito_env/lib/python3.10/site-packages/torch/nn/parallel/_functions.py:71: UserWarning: Was asked to gather along dimension 0, but all input tensors were scalars; will instead unsqueeze and return a vector.
  warnings.warn(
[Epoch 0/300][Batch 1/4] BatchTime = 25.184 (s) DataTime = 5.652 (s) Losses = ['1013.4313'] lr = 0.000001
[Training] EPOCH: 0 EpochTime = 27.578 (s) Losses = ['965.4775'] lr = 0.000001
Save checkpoint at ./current_run/config/configs/nexustest/ckpt-last.pth
[Epoch 1/300][Batch 1/4] BatchTime = 7.432 (s) DataTime = 6.508 (s) Losses = ['900.0145'] lr = 0.000001
[Training] EPOCH: 1 EpochTime = 10.088 (s) Losses = ['876.8501'] lr = 0.000101
Save checkpoint at ./current_run/config/configs/nexustest/ckpt-last.pth
[Epoch 2/300][Batch 1/4] BatchTime = 6.289 (s) DataTime = 5.367 (s) Losses = ['828.9798'] lr = 0.000101
[Training] EPOCH: 2 EpochTime = 8.886 (s) Losses = ['547.0447'] lr = 0.000201
Save checkpoint at ./current_run/config/configs/nexustest/ckpt-last.pth
[Epoch 3/300][Batch 1/4] BatchTime = 5.905 (s) DataTime = 5.020 (s) Losses = ['278.6558'] lr = 0.000201
[Training] EPOCH: 3 EpochTime = 8.570 (s) Losses = ['173.8263'] lr = 0.000301
Save checkpoint at ./current_run/config/configs/nexustest/ckpt-last.pth
[Epoch 4/300][Batch 1/4] BatchTime = 7.471 (s) DataTime = 6.636 (s) Losses = ['95.3217'] lr = 0.000301
[Training] EPOCH: 4 EpochTime = 10.333 (s) Losses = ['81.9429'] lr = 0.000401
Save checkpoint at ./current_run/config/configs/nexustest/ckpt-last.pth
[Epoch 5/300][Batch 1/4] BatchTime = 7.914 (s) DataTime = 7.057 (s) Losses = ['66.4500'] lr = 0.000401
[Training] EPOCH: 5 EpochTime = 10.525 (s) Losses = ['60.2384'] lr = 0.000501
Save checkpoint at ./current_run/config/configs/nexustest/ckpt-last.pth
[Epoch 6/300][Batch 1/4] BatchTime = 7.015 (s) DataTime = 6.176 (s) Losses = ['41.6055'] lr = 0.000501
[Training] EPOCH: 6 EpochTime = 9.674 (s) Losses = ['32.3165'] lr = 0.000600
Save checkpoint at ./current_run/config/configs/nexustest/ckpt-last.pth
[Epoch 7/300][Batch 1/4] BatchTime = 6.319 (s) DataTime = 5.494 (s) Losses = ['20.7274'] lr = 0.000600
[Training] EPOCH: 7 EpochTime = 8.926 (s) Losses = ['21.1114'] lr = 0.000700
Save checkpoint at ./current_run/config/configs/nexustest/ckpt-last.pth
[Epoch 8/300][Batch 1/4] BatchTime = 6.461 (s) DataTime = 5.546 (s) Losses = ['22.3164'] lr = 0.000700
[Training] EPOCH: 8 EpochTime = 9.073 (s) Losses = ['18.5817'] lr = 0.000800
Save checkpoint at ./current_run/config/configs/nexustest/ckpt-last.pth
[Epoch 9/300][Batch 1/4] BatchTime = 6.351 (s) DataTime = 5.389 (s) Losses = ['14.8020'] lr = 0.000800
[Training] EPOCH: 9 EpochTime = 8.921 (s) Losses = ['12.5195'] lr = 0.000900
Save checkpoint at ./current_run/config/configs/nexustest/ckpt-last.pth
[Epoch 10/300][Batch 1/4] BatchTime = 6.543 (s) DataTime = 5.654 (s) Losses = ['12.6459'] lr = 0.000900
[Training] EPOCH: 10 EpochTime = 9.170 (s) Losses = ['11.3074'] lr = 0.000997
Save checkpoint at ./current_run/config/configs/nexustest/ckpt-last.pth
[Epoch 11/300][Batch 1/4] BatchTime = 6.431 (s) DataTime = 5.497 (s) Losses = ['11.1249'] lr = 0.000997
[Training] EPOCH: 11 EpochTime = 9.058 (s) Losses = ['7.9024'] lr = 0.000997
Save checkpoint at ./current_run/config/configs/nexustest/ckpt-last.pth
[Epoch 12/300][Batch 1/4] BatchTime = 6.742 (s) DataTime = 5.914 (s) Losses = ['5.6117'] lr = 0.000997
[Training] EPOCH: 12 EpochTime = 9.360 (s) Losses = ['5.5250'] lr = 0.000996
Save checkpoint at ./current_run/config/configs/nexustest/ckpt-last.pth
[Epoch 13/300][Batch 1/4] BatchTime = 6.732 (s) DataTime = 5.873 (s) Losses = ['4.6684'] lr = 0.000996
[Training] EPOCH: 13 EpochTime = 9.362 (s) Losses = ['5.8945'] lr = 0.000995
Save checkpoint at ./current_run/config/configs/nexustest/ckpt-last.pth
[Epoch 14/300][Batch 1/4] BatchTime = 6.008 (s) DataTime = 5.172 (s) Losses = ['5.1361'] lr = 0.000995
[Training] EPOCH: 14 EpochTime = 8.591 (s) Losses = ['4.6611'] lr = 0.000995
Save checkpoint at ./current_run/config/configs/nexustest/ckpt-last.pth
[Epoch 15/300][Batch 1/4] BatchTime = 6.886 (s) DataTime = 6.008 (s) Losses = ['5.1296'] lr = 0.000995
[Training] EPOCH: 15 EpochTime = 9.565 (s) Losses = ['4.3013'] lr = 0.000994
Save checkpoint at ./current_run/config/configs/nexustest/ckpt-last.pth
[Epoch 16/300][Batch 1/4] BatchTime = 7.728 (s) DataTime = 6.764 (s) Losses = ['2.9873'] lr = 0.000994
[Training] EPOCH: 16 EpochTime = 10.356 (s) Losses = ['2.9722'] lr = 0.000993
Save checkpoint at ./current_run/config/configs/nexustest/ckpt-last.pth
[Epoch 17/300][Batch 1/4] BatchTime = 6.282 (s) DataTime = 5.441 (s) Losses = ['3.8940'] lr = 0.000993
[Training] EPOCH: 17 EpochTime = 8.942 (s) Losses = ['4.4136'] lr = 0.000992
Save checkpoint at ./current_run/config/configs/nexustest/ckpt-last.pth
[Epoch 18/300][Batch 1/4] BatchTime = 6.332 (s) DataTime = 5.462 (s) Losses = ['4.8571'] lr = 0.000992
[Training] EPOCH: 18 EpochTime = 9.064 (s) Losses = ['3.8548'] lr = 0.000991
Save checkpoint at ./current_run/config/configs/nexustest/ckpt-last.pth
[Epoch 19/300][Batch 1/4] BatchTime = 6.884 (s) DataTime = 6.035 (s) Losses = ['3.4841'] lr = 0.000991
[Training] EPOCH: 19 EpochTime = 10.093 (s) Losses = ['3.1924'] lr = 0.000990
Save checkpoint at ./current_run/config/configs/nexustest/ckpt-last.pth
[Epoch 20/300][Batch 1/4] BatchTime = 5.784 (s) DataTime = 4.918 (s) Losses = ['1.9557'] lr = 0.000990
[Training] EPOCH: 20 EpochTime = 8.456 (s) Losses = ['2.8081'] lr = 0.000989
Save checkpoint at ./current_run/config/configs/nexustest/ckpt-last.pth
[Epoch 21/300][Batch 1/4] BatchTime = 7.034 (s) DataTime = 6.186 (s) Losses = ['3.1999'] lr = 0.000989
[Training] EPOCH: 21 EpochTime = 9.638 (s) Losses = ['3.2226'] lr = 0.000988
Save checkpoint at ./current_run/config/configs/nexustest/ckpt-last.pth
[Epoch 22/300][Batch 1/4] BatchTime = 5.997 (s) DataTime = 5.026 (s) Losses = ['2.0694'] lr = 0.000988
[Training] EPOCH: 22 EpochTime = 8.646 (s) Losses = ['3.6313'] lr = 0.000987
Save checkpoint at ./current_run/config/configs/nexustest/ckpt-last.pth
[Epoch 23/300][Batch 1/4] BatchTime = 7.128 (s) DataTime = 6.249 (s) Losses = ['2.2544'] lr = 0.000987
[Training] EPOCH: 23 EpochTime = 9.786 (s) Losses = ['3.9748'] lr = 0.000986
Save checkpoint at ./current_run/config/configs/nexustest/ckpt-last.pth
[Epoch 24/300][Batch 1/4] BatchTime = 6.330 (s) DataTime = 5.429 (s) Losses = ['3.1542'] lr = 0.000986
[Training] EPOCH: 24 EpochTime = 8.946 (s) Losses = ['2.9035'] lr = 0.000984
Save checkpoint at ./current_run/config/configs/nexustest/ckpt-last.pth
[Epoch 25/300][Batch 1/4] BatchTime = 6.903 (s) DataTime = 6.092 (s) Losses = ['7.2286'] lr = 0.000984
[Training] EPOCH: 25 EpochTime = 9.615 (s) Losses = ['3.8891'] lr = 0.000983
Save checkpoint at ./current_run/config/configs/nexustest/ckpt-last.pth
[Epoch 26/300][Batch 1/4] BatchTime = 6.929 (s) DataTime = 5.854 (s) Losses = ['2.0497'] lr = 0.000983
[Training] EPOCH: 26 EpochTime = 9.600 (s) Losses = ['3.0808'] lr = 0.000982
Save checkpoint at ./current_run/config/configs/nexustest/ckpt-last.pth
[Epoch 27/300][Batch 1/4] BatchTime = 6.146 (s) DataTime = 5.284 (s) Losses = ['2.6449'] lr = 0.000982
[Training] EPOCH: 27 EpochTime = 8.769 (s) Losses = ['3.2889'] lr = 0.000980
Save checkpoint at ./current_run/config/configs/nexustest/ckpt-last.pth
[Epoch 28/300][Batch 1/4] BatchTime = 6.862 (s) DataTime = 6.002 (s) Losses = ['2.5067'] lr = 0.000980
[Training] EPOCH: 28 EpochTime = 9.471 (s) Losses = ['2.8983'] lr = 0.000979
Save checkpoint at ./current_run/config/configs/nexustest/ckpt-last.pth
[Epoch 29/300][Batch 1/4] BatchTime = 5.894 (s) DataTime = 4.923 (s) Losses = ['3.2506'] lr = 0.000979
[Training] EPOCH: 29 EpochTime = 8.551 (s) Losses = ['3.3590'] lr = 0.000977
Save checkpoint at ./current_run/config/configs/nexustest/ckpt-last.pth
[Epoch 30/300][Batch 1/4] BatchTime = 6.464 (s) DataTime = 5.613 (s) Losses = ['4.4666'] lr = 0.000977
[Training] EPOCH: 30 EpochTime = 9.161 (s) Losses = ['3.4445'] lr = 0.000976
Save checkpoint at ./current_run/config/configs/nexustest/ckpt-last.pth
[Epoch 31/300][Batch 1/4] BatchTime = 7.284 (s) DataTime = 6.384 (s) Losses = ['1.8410'] lr = 0.000976
[Training] EPOCH: 31 EpochTime = 9.885 (s) Losses = ['2.4689'] lr = 0.000974
Save checkpoint at ./current_run/config/configs/nexustest/ckpt-last.pth
[Epoch 32/300][Batch 1/4] BatchTime = 6.368 (s) DataTime = 5.501 (s) Losses = ['4.1241'] lr = 0.000974
[Training] EPOCH: 32 EpochTime = 9.051 (s) Losses = ['3.2758'] lr = 0.000972
Save checkpoint at ./current_run/config/configs/nexustest/ckpt-last.pth
[Epoch 33/300][Batch 1/4] BatchTime = 6.854 (s) DataTime = 5.966 (s) Losses = ['4.1669'] lr = 0.000972
[Training] EPOCH: 33 EpochTime = 9.480 (s) Losses = ['3.2211'] lr = 0.000970
Save checkpoint at ./current_run/config/configs/nexustest/ckpt-last.pth
[Epoch 34/300][Batch 1/4] BatchTime = 6.968 (s) DataTime = 6.116 (s) Losses = ['2.6344'] lr = 0.000970
[Training] EPOCH: 34 EpochTime = 9.627 (s) Losses = ['3.0000'] lr = 0.000969
Save checkpoint at ./current_run/config/configs/nexustest/ckpt-last.pth
[Epoch 35/300][Batch 1/4] BatchTime = 6.432 (s) DataTime = 5.518 (s) Losses = ['1.3335'] lr = 0.000969
[Training] EPOCH: 35 EpochTime = 8.969 (s) Losses = ['3.7227'] lr = 0.000967
Save checkpoint at ./current_run/config/configs/nexustest/ckpt-last.pth
[Epoch 36/300][Batch 1/4] BatchTime = 7.443 (s) DataTime = 6.610 (s) Losses = ['2.6118'] lr = 0.000967
[Training] EPOCH: 36 EpochTime = 10.077 (s) Losses = ['2.8918'] lr = 0.000965
Save checkpoint at ./current_run/config/configs/nexustest/ckpt-last.pth
[Epoch 37/300][Batch 1/4] BatchTime = 6.460 (s) DataTime = 5.360 (s) Losses = ['2.9136'] lr = 0.000965
[Training] EPOCH: 37 EpochTime = 9.099 (s) Losses = ['3.4678'] lr = 0.000963
Save checkpoint at ./current_run/config/configs/nexustest/ckpt-last.pth
[Epoch 38/300][Batch 1/4] BatchTime = 6.069 (s) DataTime = 5.157 (s) Losses = ['3.8210'] lr = 0.000963
[Training] EPOCH: 38 EpochTime = 8.720 (s) Losses = ['3.3208'] lr = 0.000961
Save checkpoint at ./current_run/config/configs/nexustest/ckpt-last.pth
[Epoch 39/300][Batch 1/4] BatchTime = 7.946 (s) DataTime = 7.108 (s) Losses = ['3.4482'] lr = 0.000961
[Training] EPOCH: 39 EpochTime = 10.596 (s) Losses = ['3.8288'] lr = 0.000959
Save checkpoint at ./current_run/config/configs/nexustest/ckpt-last.pth
[Epoch 40/300][Batch 1/4] BatchTime = 6.605 (s) DataTime = 5.739 (s) Losses = ['3.0727'] lr = 0.000959
[Training] EPOCH: 40 EpochTime = 9.210 (s) Losses = ['3.1744'] lr = 0.000957
Save checkpoint at ./current_run/config/configs/nexustest/ckpt-last.pth
[Epoch 41/300][Batch 1/4] BatchTime = 6.612 (s) DataTime = 5.765 (s) Losses = ['3.1949'] lr = 0.000957
[Training] EPOCH: 41 EpochTime = 9.298 (s) Losses = ['3.6692'] lr = 0.000955
Save checkpoint at ./current_run/config/configs/nexustest/ckpt-last.pth
[Epoch 42/300][Batch 1/4] BatchTime = 5.938 (s) DataTime = 5.058 (s) Losses = ['2.3441'] lr = 0.000955
[Training] EPOCH: 42 EpochTime = 8.524 (s) Losses = ['2.7808'] lr = 0.000952
Save checkpoint at ./current_run/config/configs/nexustest/ckpt-last.pth
[Epoch 43/300][Batch 1/4] BatchTime = 6.808 (s) DataTime = 5.883 (s) Losses = ['1.9742'] lr = 0.000952
[Training] EPOCH: 43 EpochTime = 9.418 (s) Losses = ['2.9575'] lr = 0.000950
Save checkpoint at ./current_run/config/configs/nexustest/ckpt-last.pth
[Epoch 44/300][Batch 1/4] BatchTime = 6.318 (s) DataTime = 5.496 (s) Losses = ['3.4282'] lr = 0.000950
[Training] EPOCH: 44 EpochTime = 9.010 (s) Losses = ['2.8359'] lr = 0.000948
Save checkpoint at ./current_run/config/configs/nexustest/ckpt-last.pth
[Epoch 45/300][Batch 1/4] BatchTime = 6.921 (s) DataTime = 5.998 (s) Losses = ['4.5595'] lr = 0.000948
[Training] EPOCH: 45 EpochTime = 9.592 (s) Losses = ['3.4053'] lr = 0.000946
Save checkpoint at ./current_run/config/configs/nexustest/ckpt-last.pth
[Epoch 46/300][Batch 1/4] BatchTime = 6.368 (s) DataTime = 5.397 (s) Losses = ['3.5834'] lr = 0.000946
[Training] EPOCH: 46 EpochTime = 8.979 (s) Losses = ['2.8867'] lr = 0.000943
Save checkpoint at ./current_run/config/configs/nexustest/ckpt-last.pth
[Epoch 47/300][Batch 1/4] BatchTime = 6.543 (s) DataTime = 5.677 (s) Losses = ['3.5892'] lr = 0.000943
[Training] EPOCH: 47 EpochTime = 9.179 (s) Losses = ['2.9945'] lr = 0.000941
Save checkpoint at ./current_run/config/configs/nexustest/ckpt-last.pth
[Epoch 48/300][Batch 1/4] BatchTime = 7.128 (s) DataTime = 6.233 (s) Losses = ['2.0634'] lr = 0.000941
[Training] EPOCH: 48 EpochTime = 9.928 (s) Losses = ['3.7181'] lr = 0.000938
Save checkpoint at ./current_run/config/configs/nexustest/ckpt-last.pth
[Epoch 49/300][Batch 1/4] BatchTime = 7.271 (s) DataTime = 6.403 (s) Losses = ['2.5088'] lr = 0.000938
[Training] EPOCH: 49 EpochTime = 9.945 (s) Losses = ['3.1272'] lr = 0.000936
Save checkpoint at ./current_run/config/configs/nexustest/ckpt-last.pth
[Epoch 50/300][Batch 1/4] BatchTime = 5.989 (s) DataTime = 5.155 (s) Losses = ['4.5191'] lr = 0.000936
[Training] EPOCH: 50 EpochTime = 8.621 (s) Losses = ['2.8087'] lr = 0.000933
Save checkpoint at ./current_run/config/configs/nexustest/ckpt-last.pth
[Epoch 51/300][Batch 1/4] BatchTime = 6.068 (s) DataTime = 5.200 (s) Losses = ['3.5027'] lr = 0.000933
[Training] EPOCH: 51 EpochTime = 8.709 (s) Losses = ['2.7296'] lr = 0.000930
Save checkpoint at ./current_run/config/configs/nexustest/ckpt-last.pth
[Epoch 52/300][Batch 1/4] BatchTime = 5.988 (s) DataTime = 5.117 (s) Losses = ['1.9461'] lr = 0.000930
[Training] EPOCH: 52 EpochTime = 8.603 (s) Losses = ['2.3861'] lr = 0.000928
Save checkpoint at ./current_run/config/configs/nexustest/ckpt-last.pth
[Epoch 53/300][Batch 1/4] BatchTime = 6.320 (s) DataTime = 5.453 (s) Losses = ['1.8994'] lr = 0.000928
[Training] EPOCH: 53 EpochTime = 8.925 (s) Losses = ['2.7351'] lr = 0.000925
Save checkpoint at ./current_run/config/configs/nexustest/ckpt-last.pth
[Epoch 54/300][Batch 1/4] BatchTime = 5.823 (s) DataTime = 4.971 (s) Losses = ['3.0089'] lr = 0.000925
[Training] EPOCH: 54 EpochTime = 8.474 (s) Losses = ['2.7465'] lr = 0.000922
Save checkpoint at ./current_run/config/configs/nexustest/ckpt-last.pth
[Epoch 55/300][Batch 1/4] BatchTime = 7.521 (s) DataTime = 6.668 (s) Losses = ['4.2455'] lr = 0.000922
[Training] EPOCH: 55 EpochTime = 10.164 (s) Losses = ['2.9320'] lr = 0.000919
Save checkpoint at ./current_run/config/configs/nexustest/ckpt-last.pth
[Epoch 56/300][Batch 1/4] BatchTime = 6.586 (s) DataTime = 5.727 (s) Losses = ['3.2590'] lr = 0.000919
[Training] EPOCH: 56 EpochTime = 9.180 (s) Losses = ['3.8169'] lr = 0.000917
Save checkpoint at ./current_run/config/configs/nexustest/ckpt-last.pth
[Epoch 57/300][Batch 1/4] BatchTime = 6.216 (s) DataTime = 5.419 (s) Losses = ['4.4675'] lr = 0.000917
[Training] EPOCH: 57 EpochTime = 8.845 (s) Losses = ['2.9892'] lr = 0.000914
Save checkpoint at ./current_run/config/configs/nexustest/ckpt-last.pth
[Epoch 58/300][Batch 1/4] BatchTime = 7.466 (s) DataTime = 6.606 (s) Losses = ['3.6612'] lr = 0.000914
[Training] EPOCH: 58 EpochTime = 10.163 (s) Losses = ['2.6008'] lr = 0.000911
Save checkpoint at ./current_run/config/configs/nexustest/ckpt-last.pth
[Epoch 59/300][Batch 1/4] BatchTime = 6.280 (s) DataTime = 5.365 (s) Losses = ['2.7708'] lr = 0.000911
[Training] EPOCH: 59 EpochTime = 8.920 (s) Losses = ['2.5514'] lr = 0.000908
Save checkpoint at ./current_run/config/configs/nexustest/ckpt-last.pth
[Epoch 60/300][Batch 1/4] BatchTime = 6.489 (s) DataTime = 5.487 (s) Losses = ['2.7913'] lr = 0.000908
[Training] EPOCH: 60 EpochTime = 9.097 (s) Losses = ['2.3658'] lr = 0.000905
Save checkpoint at ./current_run/config/configs/nexustest/ckpt-last.pth
[Epoch 61/300][Batch 1/4] BatchTime = 6.976 (s) DataTime = 6.071 (s) Losses = ['2.8347'] lr = 0.000905
[Training] EPOCH: 61 EpochTime = 9.570 (s) Losses = ['2.8820'] lr = 0.000902
Save checkpoint at ./current_run/config/configs/nexustest/ckpt-last.pth
[Epoch 62/300][Batch 1/4] BatchTime = 7.065 (s) DataTime = 6.251 (s) Losses = ['3.6498'] lr = 0.000902
[Training] EPOCH: 62 EpochTime = 9.750 (s) Losses = ['2.5445'] lr = 0.000898
Save checkpoint at ./current_run/config/configs/nexustest/ckpt-last.pth
[Epoch 63/300][Batch 1/4] BatchTime = 6.322 (s) DataTime = 5.435 (s) Losses = ['2.5685'] lr = 0.000898
[Training] EPOCH: 63 EpochTime = 8.990 (s) Losses = ['2.6779'] lr = 0.000895
Save checkpoint at ./current_run/config/configs/nexustest/ckpt-last.pth
[Epoch 64/300][Batch 1/4] BatchTime = 6.442 (s) DataTime = 5.549 (s) Losses = ['2.9282'] lr = 0.000895
[Training] EPOCH: 64 EpochTime = 9.023 (s) Losses = ['3.2831'] lr = 0.000892
Save checkpoint at ./current_run/config/configs/nexustest/ckpt-last.pth
[Epoch 65/300][Batch 1/4] BatchTime = 6.623 (s) DataTime = 5.746 (s) Losses = ['3.4848'] lr = 0.000892
[Training] EPOCH: 65 EpochTime = 9.351 (s) Losses = ['2.8947'] lr = 0.000889
Save checkpoint at ./current_run/config/configs/nexustest/ckpt-last.pth
[Epoch 66/300][Batch 1/4] BatchTime = 7.052 (s) DataTime = 6.159 (s) Losses = ['2.4294'] lr = 0.000889
[Training] EPOCH: 66 EpochTime = 9.693 (s) Losses = ['2.7911'] lr = 0.000885
Save checkpoint at ./current_run/config/configs/nexustest/ckpt-last.pth
[Epoch 67/300][Batch 1/4] BatchTime = 7.279 (s) DataTime = 6.393 (s) Losses = ['3.1410'] lr = 0.000885
[Training] EPOCH: 67 EpochTime = 9.895 (s) Losses = ['2.9547'] lr = 0.000882
Save checkpoint at ./current_run/config/configs/nexustest/ckpt-last.pth
[Epoch 68/300][Batch 1/4] BatchTime = 6.215 (s) DataTime = 5.295 (s) Losses = ['1.7346'] lr = 0.000882
[Training] EPOCH: 68 EpochTime = 8.820 (s) Losses = ['2.9257'] lr = 0.000879
Save checkpoint at ./current_run/config/configs/nexustest/ckpt-last.pth
[Epoch 69/300][Batch 1/4] BatchTime = 7.612 (s) DataTime = 6.741 (s) Losses = ['2.5525'] lr = 0.000879
[Training] EPOCH: 69 EpochTime = 10.250 (s) Losses = ['3.0305'] lr = 0.000875
Save checkpoint at ./current_run/config/configs/nexustest/ckpt-last.pth
[Epoch 70/300][Batch 1/4] BatchTime = 6.778 (s) DataTime = 5.899 (s) Losses = ['2.3225'] lr = 0.000875
[Training] EPOCH: 70 EpochTime = 9.413 (s) Losses = ['2.8490'] lr = 0.000872
Save checkpoint at ./current_run/config/configs/nexustest/ckpt-last.pth
[Epoch 71/300][Batch 1/4] BatchTime = 7.149 (s) DataTime = 6.038 (s) Losses = ['2.2346'] lr = 0.000872
[Training] EPOCH: 71 EpochTime = 9.832 (s) Losses = ['2.7442'] lr = 0.000868
Save checkpoint at ./current_run/config/configs/nexustest/ckpt-last.pth
[Epoch 72/300][Batch 1/4] BatchTime = 5.801 (s) DataTime = 4.880 (s) Losses = ['3.3734'] lr = 0.000868
[Training] EPOCH: 72 EpochTime = 8.438 (s) Losses = ['3.0161'] lr = 0.000865
Save checkpoint at ./current_run/config/configs/nexustest/ckpt-last.pth
[Epoch 73/300][Batch 1/4] BatchTime = 6.017 (s) DataTime = 5.120 (s) Losses = ['2.2713'] lr = 0.000865
[Training] EPOCH: 73 EpochTime = 8.681 (s) Losses = ['2.0737'] lr = 0.000861
Save checkpoint at ./current_run/config/configs/nexustest/ckpt-last.pth
[Epoch 74/300][Batch 1/4] BatchTime = 7.464 (s) DataTime = 6.592 (s) Losses = ['2.4206'] lr = 0.000861
[Training] EPOCH: 74 EpochTime = 10.073 (s) Losses = ['2.1492'] lr = 0.000857
Save checkpoint at ./current_run/config/configs/nexustest/ckpt-last.pth
[Epoch 75/300][Batch 1/4] BatchTime = 7.022 (s) DataTime = 6.088 (s) Losses = ['2.7245'] lr = 0.000857
[Training] EPOCH: 75 EpochTime = 9.616 (s) Losses = ['3.0127'] lr = 0.000854
Save checkpoint at ./current_run/config/configs/nexustest/ckpt-last.pth
[Epoch 76/300][Batch 1/4] BatchTime = 6.257 (s) DataTime = 5.404 (s) Losses = ['4.4686'] lr = 0.000854
[Training] EPOCH: 76 EpochTime = 8.844 (s) Losses = ['2.7094'] lr = 0.000850
Save checkpoint at ./current_run/config/configs/nexustest/ckpt-last.pth
[Epoch 77/300][Batch 1/4] BatchTime = 5.972 (s) DataTime = 5.093 (s) Losses = ['2.8772'] lr = 0.000850
[Training] EPOCH: 77 EpochTime = 8.588 (s) Losses = ['2.6304'] lr = 0.000846
Save checkpoint at ./current_run/config/configs/nexustest/ckpt-last.pth
[Epoch 78/300][Batch 1/4] BatchTime = 6.428 (s) DataTime = 5.553 (s) Losses = ['2.4894'] lr = 0.000846
[Training] EPOCH: 78 EpochTime = 9.044 (s) Losses = ['2.4770'] lr = 0.000842
Save checkpoint at ./current_run/config/configs/nexustest/ckpt-last.pth
[Epoch 79/300][Batch 1/4] BatchTime = 7.235 (s) DataTime = 6.387 (s) Losses = ['3.7515'] lr = 0.000842
[Training] EPOCH: 79 EpochTime = 9.885 (s) Losses = ['3.0529'] lr = 0.000839
Save checkpoint at ./current_run/config/configs/nexustest/ckpt-last.pth
[Epoch 80/300][Batch 1/4] BatchTime = 5.817 (s) DataTime = 4.949 (s) Losses = ['3.0414'] lr = 0.000839
[Training] EPOCH: 80 EpochTime = 8.413 (s) Losses = ['2.8232'] lr = 0.000835
Save checkpoint at ./current_run/config/configs/nexustest/ckpt-last.pth
[Epoch 81/300][Batch 1/4] BatchTime = 7.190 (s) DataTime = 6.312 (s) Losses = ['2.5727'] lr = 0.000835
[Training] EPOCH: 81 EpochTime = 9.880 (s) Losses = ['2.8823'] lr = 0.000831
Save checkpoint at ./current_run/config/configs/nexustest/ckpt-last.pth
[Epoch 82/300][Batch 1/4] BatchTime = 7.061 (s) DataTime = 6.203 (s) Losses = ['3.3497'] lr = 0.000831
[Training] EPOCH: 82 EpochTime = 9.900 (s) Losses = ['2.6257'] lr = 0.000827
Save checkpoint at ./current_run/config/configs/nexustest/ckpt-last.pth
[Epoch 83/300][Batch 1/4] BatchTime = 8.062 (s) DataTime = 7.159 (s) Losses = ['2.9916'] lr = 0.000827
[Training] EPOCH: 83 EpochTime = 10.654 (s) Losses = ['2.5460'] lr = 0.000823
Save checkpoint at ./current_run/config/configs/nexustest/ckpt-last.pth
[Epoch 84/300][Batch 1/4] BatchTime = 6.091 (s) DataTime = 5.173 (s) Losses = ['2.5633'] lr = 0.000823
[Training] EPOCH: 84 EpochTime = 8.753 (s) Losses = ['2.3813'] lr = 0.000819
Save checkpoint at ./current_run/config/configs/nexustest/ckpt-last.pth
[Epoch 85/300][Batch 1/4] BatchTime = 6.371 (s) DataTime = 5.478 (s) Losses = ['3.1224'] lr = 0.000819
[Training] EPOCH: 85 EpochTime = 9.036 (s) Losses = ['2.7760'] lr = 0.000815
Save checkpoint at ./current_run/config/configs/nexustest/ckpt-last.pth
[Epoch 86/300][Batch 1/4] BatchTime = 7.075 (s) DataTime = 6.206 (s) Losses = ['2.3353'] lr = 0.000815
[Training] EPOCH: 86 EpochTime = 9.769 (s) Losses = ['2.3775'] lr = 0.000811
Save checkpoint at ./current_run/config/configs/nexustest/ckpt-last.pth
[Epoch 87/300][Batch 1/4] BatchTime = 7.326 (s) DataTime = 6.487 (s) Losses = ['3.5369'] lr = 0.000811
[Training] EPOCH: 87 EpochTime = 10.048 (s) Losses = ['2.4794'] lr = 0.000807
Save checkpoint at ./current_run/config/configs/nexustest/ckpt-last.pth
[Epoch 88/300][Batch 1/4] BatchTime = 5.813 (s) DataTime = 4.971 (s) Losses = ['2.6707'] lr = 0.000807
[Training] EPOCH: 88 EpochTime = 8.536 (s) Losses = ['2.5163'] lr = 0.000802
Save checkpoint at ./current_run/config/configs/nexustest/ckpt-last.pth
[Epoch 89/300][Batch 1/4] BatchTime = 7.245 (s) DataTime = 6.349 (s) Losses = ['2.2189'] lr = 0.000802
[Training] EPOCH: 89 EpochTime = 9.906 (s) Losses = ['2.6799'] lr = 0.000798
Save checkpoint at ./current_run/config/configs/nexustest/ckpt-last.pth
[Epoch 90/300][Batch 1/4] BatchTime = 7.318 (s) DataTime = 6.469 (s) Losses = ['1.7967'] lr = 0.000798
[Training] EPOCH: 90 EpochTime = 10.026 (s) Losses = ['2.4232'] lr = 0.000794
Save checkpoint at ./current_run/config/configs/nexustest/ckpt-last.pth
[Epoch 91/300][Batch 1/4] BatchTime = 7.258 (s) DataTime = 6.316 (s) Losses = ['2.0702'] lr = 0.000794
[Training] EPOCH: 91 EpochTime = 9.888 (s) Losses = ['2.2384'] lr = 0.000790
Save checkpoint at ./current_run/config/configs/nexustest/ckpt-last.pth
[Epoch 92/300][Batch 1/4] BatchTime = 6.886 (s) DataTime = 6.066 (s) Losses = ['1.7327'] lr = 0.000790
[Training] EPOCH: 92 EpochTime = 9.708 (s) Losses = ['2.2120'] lr = 0.000786
Save checkpoint at ./current_run/config/configs/nexustest/ckpt-last.pth
[Epoch 93/300][Batch 1/4] BatchTime = 6.032 (s) DataTime = 5.136 (s) Losses = ['3.2171'] lr = 0.000786
[Training] EPOCH: 93 EpochTime = 8.696 (s) Losses = ['2.5816'] lr = 0.000781
Save checkpoint at ./current_run/config/configs/nexustest/ckpt-last.pth
[Epoch 94/300][Batch 1/4] BatchTime = 7.636 (s) DataTime = 6.787 (s) Losses = ['1.8137'] lr = 0.000781
[Training] EPOCH: 94 EpochTime = 10.278 (s) Losses = ['2.1966'] lr = 0.000777
Save checkpoint at ./current_run/config/configs/nexustest/ckpt-last.pth
[Epoch 95/300][Batch 1/4] BatchTime = 6.712 (s) DataTime = 5.794 (s) Losses = ['1.8730'] lr = 0.000777
[Training] EPOCH: 95 EpochTime = 9.346 (s) Losses = ['2.1546'] lr = 0.000773
Save checkpoint at ./current_run/config/configs/nexustest/ckpt-last.pth
[Epoch 96/300][Batch 1/4] BatchTime = 7.137 (s) DataTime = 5.352 (s) Losses = ['2.2677'] lr = 0.000773
[Training] EPOCH: 96 EpochTime = 9.768 (s) Losses = ['2.1771'] lr = 0.000768
Save checkpoint at ./current_run/config/configs/nexustest/ckpt-last.pth
[Epoch 97/300][Batch 1/4] BatchTime = 7.228 (s) DataTime = 6.338 (s) Losses = ['2.9055'] lr = 0.000768
[Training] EPOCH: 97 EpochTime = 9.869 (s) Losses = ['2.3043'] lr = 0.000764
Save checkpoint at ./current_run/config/configs/nexustest/ckpt-last.pth
[Epoch 98/300][Batch 1/4] BatchTime = 6.721 (s) DataTime = 5.815 (s) Losses = ['2.6294'] lr = 0.000764
[Training] EPOCH: 98 EpochTime = 9.425 (s) Losses = ['2.3985'] lr = 0.000759
Save checkpoint at ./current_run/config/configs/nexustest/ckpt-last.pth
[Epoch 99/300][Batch 1/4] BatchTime = 7.372 (s) DataTime = 6.516 (s) Losses = ['1.7250'] lr = 0.000759
[Training] EPOCH: 99 EpochTime = 10.058 (s) Losses = ['1.9651'] lr = 0.000755
Save checkpoint at ./current_run/config/configs/nexustest/ckpt-last.pth
[Epoch 100/300][Batch 1/4] BatchTime = 7.256 (s) DataTime = 6.338 (s) Losses = ['2.7173'] lr = 0.000755
[Training] EPOCH: 100 EpochTime = 9.921 (s) Losses = ['2.4331'] lr = 0.000750
Save checkpoint at ./current_run/config/configs/nexustest/ckpt-last.pth
[Epoch 101/300][Batch 1/4] BatchTime = 6.007 (s) DataTime = 5.100 (s) Losses = ['2.2750'] lr = 0.000750
[Training] EPOCH: 101 EpochTime = 8.628 (s) Losses = ['2.2425'] lr = 0.000746
Save checkpoint at ./current_run/config/configs/nexustest/ckpt-last.pth
[Epoch 102/300][Batch 1/4] BatchTime = 6.265 (s) DataTime = 5.379 (s) Losses = ['2.4898'] lr = 0.000746
[Training] EPOCH: 102 EpochTime = 8.892 (s) Losses = ['2.4908'] lr = 0.000741
Save checkpoint at ./current_run/config/configs/nexustest/ckpt-last.pth
[Epoch 103/300][Batch 1/4] BatchTime = 7.032 (s) DataTime = 6.136 (s) Losses = ['1.9821'] lr = 0.000741
[Training] EPOCH: 103 EpochTime = 9.926 (s) Losses = ['2.3568'] lr = 0.000737
Save checkpoint at ./current_run/config/configs/nexustest/ckpt-last.pth
[Epoch 104/300][Batch 1/4] BatchTime = 6.418 (s) DataTime = 5.485 (s) Losses = ['1.8563'] lr = 0.000737
[Training] EPOCH: 104 EpochTime = 9.024 (s) Losses = ['2.4763'] lr = 0.000732
Save checkpoint at ./current_run/config/configs/nexustest/ckpt-last.pth
[Epoch 105/300][Batch 1/4] BatchTime = 5.918 (s) DataTime = 5.037 (s) Losses = ['2.2379'] lr = 0.000732
[Training] EPOCH: 105 EpochTime = 8.555 (s) Losses = ['2.1207'] lr = 0.000727
Save checkpoint at ./current_run/config/configs/nexustest/ckpt-last.pth
[Epoch 106/300][Batch 1/4] BatchTime = 7.100 (s) DataTime = 6.199 (s) Losses = ['2.0763'] lr = 0.000727
[Training] EPOCH: 106 EpochTime = 9.845 (s) Losses = ['1.9138'] lr = 0.000723
Save checkpoint at ./current_run/config/configs/nexustest/ckpt-last.pth
[Epoch 107/300][Batch 1/4] BatchTime = 6.838 (s) DataTime = 5.911 (s) Losses = ['1.7797'] lr = 0.000723
[Training] EPOCH: 107 EpochTime = 9.422 (s) Losses = ['2.1922'] lr = 0.000718
Save checkpoint at ./current_run/config/configs/nexustest/ckpt-last.pth
[Epoch 108/300][Batch 1/4] BatchTime = 5.962 (s) DataTime = 5.080 (s) Losses = ['2.2764'] lr = 0.000718
[Training] EPOCH: 108 EpochTime = 8.648 (s) Losses = ['2.4148'] lr = 0.000713
Save checkpoint at ./current_run/config/configs/nexustest/ckpt-last.pth
[Epoch 109/300][Batch 1/4] BatchTime = 6.240 (s) DataTime = 5.283 (s) Losses = ['1.9404'] lr = 0.000713
[Training] EPOCH: 109 EpochTime = 8.870 (s) Losses = ['2.1985'] lr = 0.000708
Save checkpoint at ./current_run/config/configs/nexustest/ckpt-last.pth
[Epoch 110/300][Batch 1/4] BatchTime = 7.029 (s) DataTime = 6.159 (s) Losses = ['2.7785'] lr = 0.000708
[Training] EPOCH: 110 EpochTime = 9.733 (s) Losses = ['2.4707'] lr = 0.000704
Save checkpoint at ./current_run/config/configs/nexustest/ckpt-last.pth
[Epoch 111/300][Batch 1/4] BatchTime = 7.503 (s) DataTime = 6.609 (s) Losses = ['1.7349'] lr = 0.000704
[Training] EPOCH: 111 EpochTime = 10.145 (s) Losses = ['2.0385'] lr = 0.000699
Save checkpoint at ./current_run/config/configs/nexustest/ckpt-last.pth
[Epoch 112/300][Batch 1/4] BatchTime = 7.440 (s) DataTime = 6.580 (s) Losses = ['2.3657'] lr = 0.000699
[Training] EPOCH: 112 EpochTime = 10.079 (s) Losses = ['2.6570'] lr = 0.000694
Save checkpoint at ./current_run/config/configs/nexustest/ckpt-last.pth
[Epoch 113/300][Batch 1/4] BatchTime = 7.204 (s) DataTime = 6.330 (s) Losses = ['2.8211'] lr = 0.000694
[Training] EPOCH: 113 EpochTime = 9.846 (s) Losses = ['2.6132'] lr = 0.000689
Save checkpoint at ./current_run/config/configs/nexustest/ckpt-last.pth
[Epoch 114/300][Batch 1/4] BatchTime = 7.224 (s) DataTime = 6.373 (s) Losses = ['2.8914'] lr = 0.000689
[Training] EPOCH: 114 EpochTime = 9.903 (s) Losses = ['2.5544'] lr = 0.000684
Save checkpoint at ./current_run/config/configs/nexustest/ckpt-last.pth
[Epoch 115/300][Batch 1/4] BatchTime = 6.046 (s) DataTime = 5.127 (s) Losses = ['2.1902'] lr = 0.000684
[Training] EPOCH: 115 EpochTime = 8.678 (s) Losses = ['2.3675'] lr = 0.000680
Save checkpoint at ./current_run/config/configs/nexustest/ckpt-last.pth
[Epoch 116/300][Batch 1/4] BatchTime = 7.599 (s) DataTime = 6.696 (s) Losses = ['2.8892'] lr = 0.000680
[Training] EPOCH: 116 EpochTime = 10.230 (s) Losses = ['2.5850'] lr = 0.000675
Save checkpoint at ./current_run/config/configs/nexustest/ckpt-last.pth
[Epoch 117/300][Batch 1/4] BatchTime = 6.832 (s) DataTime = 6.002 (s) Losses = ['1.6763'] lr = 0.000675
[Training] EPOCH: 117 EpochTime = 9.472 (s) Losses = ['2.2499'] lr = 0.000670
Save checkpoint at ./current_run/config/configs/nexustest/ckpt-last.pth
[Epoch 118/300][Batch 1/4] BatchTime = 6.739 (s) DataTime = 5.828 (s) Losses = ['2.5308'] lr = 0.000670
[Training] EPOCH: 118 EpochTime = 9.346 (s) Losses = ['2.6067'] lr = 0.000665
Save checkpoint at ./current_run/config/configs/nexustest/ckpt-last.pth
[Epoch 119/300][Batch 1/4] BatchTime = 5.980 (s) DataTime = 5.099 (s) Losses = ['2.5306'] lr = 0.000665
[Training] EPOCH: 119 EpochTime = 8.651 (s) Losses = ['2.4137'] lr = 0.000660
Save checkpoint at ./current_run/config/configs/nexustest/ckpt-last.pth
[Epoch 120/300][Batch 1/4] BatchTime = 5.829 (s) DataTime = 4.950 (s) Losses = ['2.0297'] lr = 0.000660
[Training] EPOCH: 120 EpochTime = 8.518 (s) Losses = ['2.5492'] lr = 0.000655
Save checkpoint at ./current_run/config/configs/nexustest/ckpt-last.pth
[Epoch 121/300][Batch 1/4] BatchTime = 6.982 (s) DataTime = 6.057 (s) Losses = ['1.6773'] lr = 0.000655
[Training] EPOCH: 121 EpochTime = 9.609 (s) Losses = ['2.1387'] lr = 0.000650
Save checkpoint at ./current_run/config/configs/nexustest/ckpt-last.pth
[Epoch 122/300][Batch 1/4] BatchTime = 5.828 (s) DataTime = 4.975 (s) Losses = ['2.7099'] lr = 0.000650
[Training] EPOCH: 122 EpochTime = 8.518 (s) Losses = ['2.6756'] lr = 0.000645
Save checkpoint at ./current_run/config/configs/nexustest/ckpt-last.pth
[Epoch 123/300][Batch 1/4] BatchTime = 7.449 (s) DataTime = 6.528 (s) Losses = ['2.0869'] lr = 0.000645
[Training] EPOCH: 123 EpochTime = 10.091 (s) Losses = ['2.0946'] lr = 0.000640
Save checkpoint at ./current_run/config/configs/nexustest/ckpt-last.pth
[Epoch 124/300][Batch 1/4] BatchTime = 6.089 (s) DataTime = 5.200 (s) Losses = ['2.4844'] lr = 0.000640
[Training] EPOCH: 124 EpochTime = 8.672 (s) Losses = ['2.5412'] lr = 0.000635
Save checkpoint at ./current_run/config/configs/nexustest/ckpt-last.pth
[Epoch 125/300][Batch 1/4] BatchTime = 6.972 (s) DataTime = 5.906 (s) Losses = ['1.7549'] lr = 0.000635
[Training] EPOCH: 125 EpochTime = 9.654 (s) Losses = ['2.2857'] lr = 0.000630
Save checkpoint at ./current_run/config/configs/nexustest/ckpt-last.pth
[Epoch 126/300][Batch 1/4] BatchTime = 6.767 (s) DataTime = 5.927 (s) Losses = ['2.1191'] lr = 0.000630
[Training] EPOCH: 126 EpochTime = 9.390 (s) Losses = ['2.0507'] lr = 0.000625
Save checkpoint at ./current_run/config/configs/nexustest/ckpt-last.pth
[Epoch 127/300][Batch 1/4] BatchTime = 6.838 (s) DataTime = 5.907 (s) Losses = ['2.2043'] lr = 0.000625
[Training] EPOCH: 127 EpochTime = 9.441 (s) Losses = ['2.4033'] lr = 0.000620
Save checkpoint at ./current_run/config/configs/nexustest/ckpt-last.pth
[Epoch 128/300][Batch 1/4] BatchTime = 5.844 (s) DataTime = 4.877 (s) Losses = ['1.6731'] lr = 0.000620
[Training] EPOCH: 128 EpochTime = 8.509 (s) Losses = ['2.4617'] lr = 0.000615
Save checkpoint at ./current_run/config/configs/nexustest/ckpt-last.pth
[Epoch 129/300][Batch 1/4] BatchTime = 6.511 (s) DataTime = 5.675 (s) Losses = ['2.1636'] lr = 0.000615
[Training] EPOCH: 129 EpochTime = 9.171 (s) Losses = ['1.9252'] lr = 0.000609
Save checkpoint at ./current_run/config/configs/nexustest/ckpt-last.pth
[Epoch 130/300][Batch 1/4] BatchTime = 7.119 (s) DataTime = 6.236 (s) Losses = ['2.1735'] lr = 0.000609
[Training] EPOCH: 130 EpochTime = 9.759 (s) Losses = ['1.9502'] lr = 0.000604
Save checkpoint at ./current_run/config/configs/nexustest/ckpt-last.pth
[Epoch 131/300][Batch 1/4] BatchTime = 6.637 (s) DataTime = 5.758 (s) Losses = ['1.6102'] lr = 0.000604
[Training] EPOCH: 131 EpochTime = 9.313 (s) Losses = ['2.1320'] lr = 0.000599
Save checkpoint at ./current_run/config/configs/nexustest/ckpt-last.pth
[Epoch 132/300][Batch 1/4] BatchTime = 5.978 (s) DataTime = 5.084 (s) Losses = ['1.8762'] lr = 0.000599
[Training] EPOCH: 132 EpochTime = 8.629 (s) Losses = ['1.8356'] lr = 0.000594
Save checkpoint at ./current_run/config/configs/nexustest/ckpt-last.pth
[Epoch 133/300][Batch 1/4] BatchTime = 6.816 (s) DataTime = 5.860 (s) Losses = ['3.2541'] lr = 0.000594
[Training] EPOCH: 133 EpochTime = 9.473 (s) Losses = ['2.7733'] lr = 0.000589
Save checkpoint at ./current_run/config/configs/nexustest/ckpt-last.pth
[Epoch 134/300][Batch 1/4] BatchTime = 6.543 (s) DataTime = 5.649 (s) Losses = ['2.7381'] lr = 0.000589
[Training] EPOCH: 134 EpochTime = 9.239 (s) Losses = ['2.4747'] lr = 0.000584
Save checkpoint at ./current_run/config/configs/nexustest/ckpt-last.pth
[Epoch 135/300][Batch 1/4] BatchTime = 7.472 (s) DataTime = 6.319 (s) Losses = ['2.7712'] lr = 0.000584
[Training] EPOCH: 135 EpochTime = 10.137 (s) Losses = ['2.2781'] lr = 0.000579
Save checkpoint at ./current_run/config/configs/nexustest/ckpt-last.pth
[Epoch 136/300][Batch 1/4] BatchTime = 6.411 (s) DataTime = 5.460 (s) Losses = ['2.3539'] lr = 0.000579
[Training] EPOCH: 136 EpochTime = 9.068 (s) Losses = ['2.2757'] lr = 0.000573
Save checkpoint at ./current_run/config/configs/nexustest/ckpt-last.pth
[Epoch 137/300][Batch 1/4] BatchTime = 7.093 (s) DataTime = 6.163 (s) Losses = ['1.9049'] lr = 0.000573
[Training] EPOCH: 137 EpochTime = 9.804 (s) Losses = ['2.2558'] lr = 0.000568
Save checkpoint at ./current_run/config/configs/nexustest/ckpt-last.pth
[Epoch 138/300][Batch 1/4] BatchTime = 6.407 (s) DataTime = 5.486 (s) Losses = ['1.9624'] lr = 0.000568
[Training] EPOCH: 138 EpochTime = 9.092 (s) Losses = ['2.4100'] lr = 0.000563
Save checkpoint at ./current_run/config/configs/nexustest/ckpt-last.pth
[Epoch 139/300][Batch 1/4] BatchTime = 7.059 (s) DataTime = 6.188 (s) Losses = ['1.9553'] lr = 0.000563
[Training] EPOCH: 139 EpochTime = 9.735 (s) Losses = ['2.1366'] lr = 0.000558
Save checkpoint at ./current_run/config/configs/nexustest/ckpt-last.pth
[Epoch 140/300][Batch 1/4] BatchTime = 6.784 (s) DataTime = 5.906 (s) Losses = ['3.2311'] lr = 0.000558
[Training] EPOCH: 140 EpochTime = 9.434 (s) Losses = ['2.3359'] lr = 0.000553
Save checkpoint at ./current_run/config/configs/nexustest/ckpt-last.pth
[Epoch 141/300][Batch 1/4] BatchTime = 6.841 (s) DataTime = 5.967 (s) Losses = ['1.4650'] lr = 0.000553
[Training] EPOCH: 141 EpochTime = 9.488 (s) Losses = ['2.1185'] lr = 0.000548
Save checkpoint at ./current_run/config/configs/nexustest/ckpt-last.pth
[Epoch 142/300][Batch 1/4] BatchTime = 6.872 (s) DataTime = 5.962 (s) Losses = ['1.9065'] lr = 0.000548
[Training] EPOCH: 142 EpochTime = 9.460 (s) Losses = ['2.3163'] lr = 0.000542
Save checkpoint at ./current_run/config/configs/nexustest/ckpt-last.pth
[Epoch 143/300][Batch 1/4] BatchTime = 7.213 (s) DataTime = 6.288 (s) Losses = ['2.3080'] lr = 0.000542
[Training] EPOCH: 143 EpochTime = 9.890 (s) Losses = ['2.1411'] lr = 0.000537
Save checkpoint at ./current_run/config/configs/nexustest/ckpt-last.pth
[Epoch 144/300][Batch 1/4] BatchTime = 5.884 (s) DataTime = 5.041 (s) Losses = ['2.3626'] lr = 0.000537
[Training] EPOCH: 144 EpochTime = 8.576 (s) Losses = ['2.2966'] lr = 0.000532
Save checkpoint at ./current_run/config/configs/nexustest/ckpt-last.pth
[Epoch 145/300][Batch 1/4] BatchTime = 7.281 (s) DataTime = 6.446 (s) Losses = ['2.5042'] lr = 0.000532
[Training] EPOCH: 145 EpochTime = 10.003 (s) Losses = ['2.0465'] lr = 0.000527
Save checkpoint at ./current_run/config/configs/nexustest/ckpt-last.pth
[Epoch 146/300][Batch 1/4] BatchTime = 5.947 (s) DataTime = 5.067 (s) Losses = ['1.8208'] lr = 0.000527
[Training] EPOCH: 146 EpochTime = 8.747 (s) Losses = ['1.9855'] lr = 0.000521
Save checkpoint at ./current_run/config/configs/nexustest/ckpt-last.pth
[Epoch 147/300][Batch 1/4] BatchTime = 7.463 (s) DataTime = 6.582 (s) Losses = ['2.0810'] lr = 0.000521
[Training] EPOCH: 147 EpochTime = 10.128 (s) Losses = ['1.9956'] lr = 0.000516
Save checkpoint at ./current_run/config/configs/nexustest/ckpt-last.pth
[Epoch 148/300][Batch 1/4] BatchTime = 6.315 (s) DataTime = 5.430 (s) Losses = ['1.3466'] lr = 0.000516
[Training] EPOCH: 148 EpochTime = 9.291 (s) Losses = ['1.8900'] lr = 0.000511
Save checkpoint at ./current_run/config/configs/nexustest/ckpt-last.pth
[Epoch 149/300][Batch 1/4] BatchTime = 6.594 (s) DataTime = 5.706 (s) Losses = ['1.4552'] lr = 0.000511
[Training] EPOCH: 149 EpochTime = 9.243 (s) Losses = ['1.9412'] lr = 0.000506
Save checkpoint at ./current_run/config/configs/nexustest/ckpt-last.pth
[Epoch 150/300][Batch 1/4] BatchTime = 6.115 (s) DataTime = 5.221 (s) Losses = ['2.2487'] lr = 0.000506
[Training] EPOCH: 150 EpochTime = 8.970 (s) Losses = ['2.2774'] lr = 0.000501
Save checkpoint at ./current_run/config/configs/nexustest/ckpt-last.pth
[Epoch 151/300][Batch 1/4] BatchTime = 6.802 (s) DataTime = 5.924 (s) Losses = ['2.1044'] lr = 0.000501
[Training] EPOCH: 151 EpochTime = 9.489 (s) Losses = ['1.8982'] lr = 0.000495
Save checkpoint at ./current_run/config/configs/nexustest/ckpt-last.pth
[Epoch 152/300][Batch 1/4] BatchTime = 7.534 (s) DataTime = 6.685 (s) Losses = ['1.5889'] lr = 0.000495
[Training] EPOCH: 152 EpochTime = 10.278 (s) Losses = ['2.1998'] lr = 0.000490
Save checkpoint at ./current_run/config/configs/nexustest/ckpt-last.pth
[Epoch 153/300][Batch 1/4] BatchTime = 7.191 (s) DataTime = 6.308 (s) Losses = ['2.6268'] lr = 0.000490
[Training] EPOCH: 153 EpochTime = 9.875 (s) Losses = ['2.0657'] lr = 0.000485
Save checkpoint at ./current_run/config/configs/nexustest/ckpt-last.pth
[Epoch 154/300][Batch 1/4] BatchTime = 7.164 (s) DataTime = 6.282 (s) Losses = ['1.3887'] lr = 0.000485
[Training] EPOCH: 154 EpochTime = 9.753 (s) Losses = ['2.0726'] lr = 0.000480
Save checkpoint at ./current_run/config/configs/nexustest/ckpt-last.pth
[Epoch 155/300][Batch 1/4] BatchTime = 7.951 (s) DataTime = 7.076 (s) Losses = ['2.6921'] lr = 0.000480
[Training] EPOCH: 155 EpochTime = 10.608 (s) Losses = ['2.1639'] lr = 0.000474
Save checkpoint at ./current_run/config/configs/nexustest/ckpt-last.pth
[Epoch 156/300][Batch 1/4] BatchTime = 7.068 (s) DataTime = 6.134 (s) Losses = ['2.0437'] lr = 0.000474
[Training] EPOCH: 156 EpochTime = 9.854 (s) Losses = ['2.2717'] lr = 0.000469
Save checkpoint at ./current_run/config/configs/nexustest/ckpt-last.pth
[Epoch 157/300][Batch 1/4] BatchTime = 7.250 (s) DataTime = 6.383 (s) Losses = ['2.3819'] lr = 0.000469
[Training] EPOCH: 157 EpochTime = 9.907 (s) Losses = ['2.5063'] lr = 0.000464
Save checkpoint at ./current_run/config/configs/nexustest/ckpt-last.pth
[Epoch 158/300][Batch 1/4] BatchTime = 5.801 (s) DataTime = 4.898 (s) Losses = ['1.7830'] lr = 0.000464
[Training] EPOCH: 158 EpochTime = 8.487 (s) Losses = ['1.9023'] lr = 0.000459
Save checkpoint at ./current_run/config/configs/nexustest/ckpt-last.pth
[Epoch 159/300][Batch 1/4] BatchTime = 7.263 (s) DataTime = 6.371 (s) Losses = ['1.4558'] lr = 0.000459
[Training] EPOCH: 159 EpochTime = 9.903 (s) Losses = ['1.8859'] lr = 0.000453
Save checkpoint at ./current_run/config/configs/nexustest/ckpt-last.pth
[Epoch 160/300][Batch 1/4] BatchTime = 6.875 (s) DataTime = 5.950 (s) Losses = ['2.3621'] lr = 0.000453
[Training] EPOCH: 160 EpochTime = 9.536 (s) Losses = ['2.1014'] lr = 0.000448
Save checkpoint at ./current_run/config/configs/nexustest/ckpt-last.pth
[Epoch 161/300][Batch 1/4] BatchTime = 5.832 (s) DataTime = 4.916 (s) Losses = ['2.0040'] lr = 0.000448
[Training] EPOCH: 161 EpochTime = 8.442 (s) Losses = ['1.9828'] lr = 0.000443
Save checkpoint at ./current_run/config/configs/nexustest/ckpt-last.pth
[Epoch 162/300][Batch 1/4] BatchTime = 7.679 (s) DataTime = 6.857 (s) Losses = ['2.0612'] lr = 0.000443
[Training] EPOCH: 162 EpochTime = 10.307 (s) Losses = ['2.3513'] lr = 0.000438
Save checkpoint at ./current_run/config/configs/nexustest/ckpt-last.pth
[Epoch 163/300][Batch 1/4] BatchTime = 7.057 (s) DataTime = 6.218 (s) Losses = ['2.3489'] lr = 0.000438
[Training] EPOCH: 163 EpochTime = 9.705 (s) Losses = ['2.0609'] lr = 0.000433
Save checkpoint at ./current_run/config/configs/nexustest/ckpt-last.pth
[Epoch 164/300][Batch 1/4] BatchTime = 7.012 (s) DataTime = 6.115 (s) Losses = ['1.9760'] lr = 0.000433
[Training] EPOCH: 164 EpochTime = 9.609 (s) Losses = ['1.7999'] lr = 0.000428
Save checkpoint at ./current_run/config/configs/nexustest/ckpt-last.pth
[Epoch 165/300][Batch 1/4] BatchTime = 7.163 (s) DataTime = 6.321 (s) Losses = ['2.0610'] lr = 0.000428
[Training] EPOCH: 165 EpochTime = 9.868 (s) Losses = ['1.8795'] lr = 0.000422
Save checkpoint at ./current_run/config/configs/nexustest/ckpt-last.pth
[Epoch 166/300][Batch 1/4] BatchTime = 6.787 (s) DataTime = 5.956 (s) Losses = ['1.2875'] lr = 0.000422
[Training] EPOCH: 166 EpochTime = 9.458 (s) Losses = ['1.9217'] lr = 0.000417
Save checkpoint at ./current_run/config/configs/nexustest/ckpt-last.pth
[Epoch 167/300][Batch 1/4] BatchTime = 7.369 (s) DataTime = 6.468 (s) Losses = ['2.0838'] lr = 0.000417
[Training] EPOCH: 167 EpochTime = 10.186 (s) Losses = ['1.8030'] lr = 0.000412
Save checkpoint at ./current_run/config/configs/nexustest/ckpt-last.pth
[Epoch 168/300][Batch 1/4] BatchTime = 6.921 (s) DataTime = 6.045 (s) Losses = ['1.3449'] lr = 0.000412
[Training] EPOCH: 168 EpochTime = 9.527 (s) Losses = ['1.8202'] lr = 0.000407
Save checkpoint at ./current_run/config/configs/nexustest/ckpt-last.pth
[Epoch 169/300][Batch 1/4] BatchTime = 7.470 (s) DataTime = 6.559 (s) Losses = ['1.9332'] lr = 0.000407
[Training] EPOCH: 169 EpochTime = 10.003 (s) Losses = ['1.7610'] lr = 0.000402
Save checkpoint at ./current_run/config/configs/nexustest/ckpt-last.pth
[Epoch 170/300][Batch 1/4] BatchTime = 7.091 (s) DataTime = 6.192 (s) Losses = ['1.2589'] lr = 0.000402
[Training] EPOCH: 170 EpochTime = 9.689 (s) Losses = ['1.9580'] lr = 0.000397
Save checkpoint at ./current_run/config/configs/nexustest/ckpt-last.pth
[Epoch 171/300][Batch 1/4] BatchTime = 5.974 (s) DataTime = 5.121 (s) Losses = ['2.1463'] lr = 0.000397
[Training] EPOCH: 171 EpochTime = 8.602 (s) Losses = ['1.7356'] lr = 0.000392
Save checkpoint at ./current_run/config/configs/nexustest/ckpt-last.pth
[Epoch 172/300][Batch 1/4] BatchTime = 7.703 (s) DataTime = 6.868 (s) Losses = ['2.1639'] lr = 0.000392
[Training] EPOCH: 172 EpochTime = 11.218 (s) Losses = ['2.1029'] lr = 0.000386
Save checkpoint at ./current_run/config/configs/nexustest/ckpt-last.pth
[Epoch 173/300][Batch 1/4] BatchTime = 7.101 (s) DataTime = 6.199 (s) Losses = ['2.3488'] lr = 0.000386
[Training] EPOCH: 173 EpochTime = 9.698 (s) Losses = ['1.9536'] lr = 0.000381
Save checkpoint at ./current_run/config/configs/nexustest/ckpt-last.pth
[Epoch 174/300][Batch 1/4] BatchTime = 7.299 (s) DataTime = 6.465 (s) Losses = ['2.6277'] lr = 0.000381
[Training] EPOCH: 174 EpochTime = 9.951 (s) Losses = ['2.0160'] lr = 0.000376
Save checkpoint at ./current_run/config/configs/nexustest/ckpt-last.pth
[Epoch 175/300][Batch 1/4] BatchTime = 7.134 (s) DataTime = 6.230 (s) Losses = ['2.0384'] lr = 0.000376
[Training] EPOCH: 175 EpochTime = 9.713 (s) Losses = ['2.2939'] lr = 0.000371
Save checkpoint at ./current_run/config/configs/nexustest/ckpt-last.pth
[Epoch 176/300][Batch 1/4] BatchTime = 7.247 (s) DataTime = 6.329 (s) Losses = ['1.5814'] lr = 0.000371
[Training] EPOCH: 176 EpochTime = 9.820 (s) Losses = ['1.9252'] lr = 0.000366
Save checkpoint at ./current_run/config/configs/nexustest/ckpt-last.pth
[Epoch 177/300][Batch 1/4] BatchTime = 7.110 (s) DataTime = 6.235 (s) Losses = ['3.2493'] lr = 0.000366
[Training] EPOCH: 177 EpochTime = 9.759 (s) Losses = ['2.1511'] lr = 0.000361
Save checkpoint at ./current_run/config/configs/nexustest/ckpt-last.pth
[Epoch 178/300][Batch 1/4] BatchTime = 6.836 (s) DataTime = 5.970 (s) Losses = ['1.7549'] lr = 0.000361
[Training] EPOCH: 178 EpochTime = 9.428 (s) Losses = ['1.9763'] lr = 0.000356
Save checkpoint at ./current_run/config/configs/nexustest/ckpt-last.pth
[Epoch 179/300][Batch 1/4] BatchTime = 6.691 (s) DataTime = 5.788 (s) Losses = ['2.0639'] lr = 0.000356
[Training] EPOCH: 179 EpochTime = 9.294 (s) Losses = ['1.7914'] lr = 0.000351
Save checkpoint at ./current_run/config/configs/nexustest/ckpt-last.pth
[Epoch 180/300][Batch 1/4] BatchTime = 6.510 (s) DataTime = 5.663 (s) Losses = ['1.5646'] lr = 0.000351
[Training] EPOCH: 180 EpochTime = 9.136 (s) Losses = ['1.7742'] lr = 0.000346
Save checkpoint at ./current_run/config/configs/nexustest/ckpt-last.pth
[Epoch 181/300][Batch 1/4] BatchTime = 6.944 (s) DataTime = 6.137 (s) Losses = ['1.7889'] lr = 0.000346
[Training] EPOCH: 181 EpochTime = 9.639 (s) Losses = ['1.8746'] lr = 0.000341
Save checkpoint at ./current_run/config/configs/nexustest/ckpt-last.pth
[Epoch 182/300][Batch 1/4] BatchTime = 7.025 (s) DataTime = 6.160 (s) Losses = ['1.8487'] lr = 0.000341
[Training] EPOCH: 182 EpochTime = 9.691 (s) Losses = ['1.7172'] lr = 0.000336
Save checkpoint at ./current_run/config/configs/nexustest/ckpt-last.pth
[Epoch 183/300][Batch 1/4] BatchTime = 7.223 (s) DataTime = 6.339 (s) Losses = ['1.8653'] lr = 0.000336
[Training] EPOCH: 183 EpochTime = 9.854 (s) Losses = ['1.8756'] lr = 0.000331
Save checkpoint at ./current_run/config/configs/nexustest/ckpt-last.pth
[Epoch 184/300][Batch 1/4] BatchTime = 7.310 (s) DataTime = 6.408 (s) Losses = ['2.1495'] lr = 0.000331
[Training] EPOCH: 184 EpochTime = 10.009 (s) Losses = ['1.9836'] lr = 0.000326
Save checkpoint at ./current_run/config/configs/nexustest/ckpt-last.pth
[Epoch 185/300][Batch 1/4] BatchTime = 7.835 (s) DataTime = 6.924 (s) Losses = ['2.1432'] lr = 0.000326
[Training] EPOCH: 185 EpochTime = 10.453 (s) Losses = ['1.9958'] lr = 0.000321
Save checkpoint at ./current_run/config/configs/nexustest/ckpt-last.pth
[Epoch 186/300][Batch 1/4] BatchTime = 6.538 (s) DataTime = 5.641 (s) Losses = ['2.0100'] lr = 0.000321
[Training] EPOCH: 186 EpochTime = 9.192 (s) Losses = ['2.0219'] lr = 0.000317
Save checkpoint at ./current_run/config/configs/nexustest/ckpt-last.pth
[Epoch 187/300][Batch 1/4] BatchTime = 7.199 (s) DataTime = 6.293 (s) Losses = ['1.3607'] lr = 0.000317
[Training] EPOCH: 187 EpochTime = 9.858 (s) Losses = ['1.8590'] lr = 0.000312
Save checkpoint at ./current_run/config/configs/nexustest/ckpt-last.pth
[Epoch 188/300][Batch 1/4] BatchTime = 6.893 (s) DataTime = 6.056 (s) Losses = ['2.2868'] lr = 0.000312
[Training] EPOCH: 188 EpochTime = 9.532 (s) Losses = ['1.8689'] lr = 0.000307
Save checkpoint at ./current_run/config/configs/nexustest/ckpt-last.pth
[Epoch 189/300][Batch 1/4] BatchTime = 6.807 (s) DataTime = 5.681 (s) Losses = ['1.6813'] lr = 0.000307
[Training] EPOCH: 189 EpochTime = 9.390 (s) Losses = ['1.7327'] lr = 0.000302
Save checkpoint at ./current_run/config/configs/nexustest/ckpt-last.pth
[Epoch 190/300][Batch 1/4] BatchTime = 7.052 (s) DataTime = 6.118 (s) Losses = ['2.1494'] lr = 0.000302
[Training] EPOCH: 190 EpochTime = 9.638 (s) Losses = ['1.9279'] lr = 0.000297
Save checkpoint at ./current_run/config/configs/nexustest/ckpt-last.pth
[Epoch 191/300][Batch 1/4] BatchTime = 7.413 (s) DataTime = 6.597 (s) Losses = ['1.8603'] lr = 0.000297
[Training] EPOCH: 191 EpochTime = 10.174 (s) Losses = ['1.8132'] lr = 0.000293
Save checkpoint at ./current_run/config/configs/nexustest/ckpt-last.pth
[Epoch 192/300][Batch 1/4] BatchTime = 6.019 (s) DataTime = 5.145 (s) Losses = ['1.9178'] lr = 0.000293
[Training] EPOCH: 192 EpochTime = 8.603 (s) Losses = ['2.0060'] lr = 0.000288
Save checkpoint at ./current_run/config/configs/nexustest/ckpt-last.pth
[Epoch 193/300][Batch 1/4] BatchTime = 5.900 (s) DataTime = 5.023 (s) Losses = ['2.1458'] lr = 0.000288
[Training] EPOCH: 193 EpochTime = 8.534 (s) Losses = ['2.2260'] lr = 0.000283
Save checkpoint at ./current_run/config/configs/nexustest/ckpt-last.pth
[Epoch 194/300][Batch 1/4] BatchTime = 6.478 (s) DataTime = 5.655 (s) Losses = ['1.4753'] lr = 0.000283
[Training] EPOCH: 194 EpochTime = 9.097 (s) Losses = ['1.7439'] lr = 0.000278
Save checkpoint at ./current_run/config/configs/nexustest/ckpt-last.pth
[Epoch 195/300][Batch 1/4] BatchTime = 7.756 (s) DataTime = 6.871 (s) Losses = ['1.8152'] lr = 0.000278
[Training] EPOCH: 195 EpochTime = 10.382 (s) Losses = ['2.1942'] lr = 0.000274
Save checkpoint at ./current_run/config/configs/nexustest/ckpt-last.pth
[Epoch 196/300][Batch 1/4] BatchTime = 6.169 (s) DataTime = 5.364 (s) Losses = ['1.8717'] lr = 0.000274
[Training] EPOCH: 196 EpochTime = 8.845 (s) Losses = ['1.7705'] lr = 0.000269
Save checkpoint at ./current_run/config/configs/nexustest/ckpt-last.pth
[Epoch 197/300][Batch 1/4] BatchTime = 6.682 (s) DataTime = 5.820 (s) Losses = ['2.2495'] lr = 0.000269
[Training] EPOCH: 197 EpochTime = 9.342 (s) Losses = ['2.0705'] lr = 0.000264
Save checkpoint at ./current_run/config/configs/nexustest/ckpt-last.pth
[Epoch 198/300][Batch 1/4] BatchTime = 6.726 (s) DataTime = 5.782 (s) Losses = ['1.1392'] lr = 0.000264
[Training] EPOCH: 198 EpochTime = 9.358 (s) Losses = ['1.6522'] lr = 0.000260
Save checkpoint at ./current_run/config/configs/nexustest/ckpt-last.pth
[Epoch 199/300][Batch 1/4] BatchTime = 6.526 (s) DataTime = 5.669 (s) Losses = ['1.4183'] lr = 0.000260
[Training] EPOCH: 199 EpochTime = 9.212 (s) Losses = ['1.6438'] lr = 0.000255
Save checkpoint at ./current_run/config/configs/nexustest/ckpt-last.pth
[Epoch 200/300][Batch 1/4] BatchTime = 6.399 (s) DataTime = 5.342 (s) Losses = ['1.6370'] lr = 0.000255
[Training] EPOCH: 200 EpochTime = 9.042 (s) Losses = ['1.7657'] lr = 0.000251
Save checkpoint at ./current_run/config/configs/nexustest/ckpt-last.pth
[Epoch 201/300][Batch 1/4] BatchTime = 7.776 (s) DataTime = 6.922 (s) Losses = ['1.4288'] lr = 0.000251
[Training] EPOCH: 201 EpochTime = 10.451 (s) Losses = ['1.7223'] lr = 0.000246
Save checkpoint at ./current_run/config/configs/nexustest/ckpt-last.pth
[Epoch 202/300][Batch 1/4] BatchTime = 7.284 (s) DataTime = 6.390 (s) Losses = ['1.7475'] lr = 0.000246
[Training] EPOCH: 202 EpochTime = 9.952 (s) Losses = ['1.8427'] lr = 0.000242
Save checkpoint at ./current_run/config/configs/nexustest/ckpt-last.pth
[Epoch 203/300][Batch 1/4] BatchTime = 6.830 (s) DataTime = 5.912 (s) Losses = ['1.6121'] lr = 0.000242
[Training] EPOCH: 203 EpochTime = 9.385 (s) Losses = ['1.8648'] lr = 0.000237
Save checkpoint at ./current_run/config/configs/nexustest/ckpt-last.pth
[Epoch 204/300][Batch 1/4] BatchTime = 6.847 (s) DataTime = 5.975 (s) Losses = ['1.6667'] lr = 0.000237
[Training] EPOCH: 204 EpochTime = 9.481 (s) Losses = ['1.9052'] lr = 0.000233
Save checkpoint at ./current_run/config/configs/nexustest/ckpt-last.pth
[Epoch 205/300][Batch 1/4] BatchTime = 6.886 (s) DataTime = 5.997 (s) Losses = ['2.0315'] lr = 0.000233
[Training] EPOCH: 205 EpochTime = 9.574 (s) Losses = ['1.6830'] lr = 0.000228
Save checkpoint at ./current_run/config/configs/nexustest/ckpt-last.pth
[Epoch 206/300][Batch 1/4] BatchTime = 7.052 (s) DataTime = 6.163 (s) Losses = ['2.0519'] lr = 0.000228
[Training] EPOCH: 206 EpochTime = 9.704 (s) Losses = ['1.8492'] lr = 0.000224
Save checkpoint at ./current_run/config/configs/nexustest/ckpt-last.pth
[Epoch 207/300][Batch 1/4] BatchTime = 6.237 (s) DataTime = 5.393 (s) Losses = ['1.5376'] lr = 0.000224
[Training] EPOCH: 207 EpochTime = 8.899 (s) Losses = ['1.7548'] lr = 0.000220
Save checkpoint at ./current_run/config/configs/nexustest/ckpt-last.pth
[Epoch 208/300][Batch 1/4] BatchTime = 6.108 (s) DataTime = 5.223 (s) Losses = ['2.0775'] lr = 0.000220
[Training] EPOCH: 208 EpochTime = 8.826 (s) Losses = ['1.7061'] lr = 0.000215
Save checkpoint at ./current_run/config/configs/nexustest/ckpt-last.pth
[Epoch 209/300][Batch 1/4] BatchTime = 5.789 (s) DataTime = 4.949 (s) Losses = ['1.2877'] lr = 0.000215
[Training] EPOCH: 209 EpochTime = 8.486 (s) Losses = ['1.6810'] lr = 0.000211
Save checkpoint at ./current_run/config/configs/nexustest/ckpt-last.pth
[Epoch 210/300][Batch 1/4] BatchTime = 5.859 (s) DataTime = 5.033 (s) Losses = ['3.3767'] lr = 0.000211
[Training] EPOCH: 210 EpochTime = 8.539 (s) Losses = ['2.1107'] lr = 0.000207
Save checkpoint at ./current_run/config/configs/nexustest/ckpt-last.pth
[Epoch 211/300][Batch 1/4] BatchTime = 7.595 (s) DataTime = 6.507 (s) Losses = ['2.3228'] lr = 0.000207
[Training] EPOCH: 211 EpochTime = 10.159 (s) Losses = ['1.8343'] lr = 0.000203
Save checkpoint at ./current_run/config/configs/nexustest/ckpt-last.pth
[Epoch 212/300][Batch 1/4] BatchTime = 6.190 (s) DataTime = 5.332 (s) Losses = ['1.5362'] lr = 0.000203
[Training] EPOCH: 212 EpochTime = 8.829 (s) Losses = ['1.8387'] lr = 0.000199
Save checkpoint at ./current_run/config/configs/nexustest/ckpt-last.pth
[Epoch 213/300][Batch 1/4] BatchTime = 7.212 (s) DataTime = 6.392 (s) Losses = ['2.0108'] lr = 0.000199
[Training] EPOCH: 213 EpochTime = 9.863 (s) Losses = ['1.8837'] lr = 0.000194
Save checkpoint at ./current_run/config/configs/nexustest/ckpt-last.pth
[Epoch 214/300][Batch 1/4] BatchTime = 7.189 (s) DataTime = 6.298 (s) Losses = ['1.5434'] lr = 0.000194
[Training] EPOCH: 214 EpochTime = 9.874 (s) Losses = ['1.9390'] lr = 0.000190
Save checkpoint at ./current_run/config/configs/nexustest/ckpt-last.pth
[Epoch 215/300][Batch 1/4] BatchTime = 6.710 (s) DataTime = 5.770 (s) Losses = ['2.1624'] lr = 0.000190
[Training] EPOCH: 215 EpochTime = 9.335 (s) Losses = ['1.6144'] lr = 0.000186
Save checkpoint at ./current_run/config/configs/nexustest/ckpt-last.pth
[Epoch 216/300][Batch 1/4] BatchTime = 5.850 (s) DataTime = 4.976 (s) Losses = ['1.1921'] lr = 0.000186
[Training] EPOCH: 216 EpochTime = 8.487 (s) Losses = ['1.7301'] lr = 0.000182
Save checkpoint at ./current_run/config/configs/nexustest/ckpt-last.pth
[Epoch 217/300][Batch 1/4] BatchTime = 7.250 (s) DataTime = 6.376 (s) Losses = ['1.2611'] lr = 0.000182
[Training] EPOCH: 217 EpochTime = 9.855 (s) Losses = ['1.6504'] lr = 0.000178
Save checkpoint at ./current_run/config/configs/nexustest/ckpt-last.pth
[Epoch 218/300][Batch 1/4] BatchTime = 7.805 (s) DataTime = 6.926 (s) Losses = ['1.3772'] lr = 0.000178
[Training] EPOCH: 218 EpochTime = 10.438 (s) Losses = ['1.6645'] lr = 0.000174
Save checkpoint at ./current_run/config/configs/nexustest/ckpt-last.pth
[Epoch 219/300][Batch 1/4] BatchTime = 6.608 (s) DataTime = 5.777 (s) Losses = ['1.4836'] lr = 0.000174
[Training] EPOCH: 219 EpochTime = 9.268 (s) Losses = ['1.6533'] lr = 0.000170
Save checkpoint at ./current_run/config/configs/nexustest/ckpt-last.pth
[Epoch 220/300][Batch 1/4] BatchTime = 6.705 (s) DataTime = 5.820 (s) Losses = ['2.3445'] lr = 0.000170
[Training] EPOCH: 220 EpochTime = 9.368 (s) Losses = ['1.6748'] lr = 0.000166
Save checkpoint at ./current_run/config/configs/nexustest/ckpt-last.pth
[Epoch 221/300][Batch 1/4] BatchTime = 5.949 (s) DataTime = 5.056 (s) Losses = ['1.3155'] lr = 0.000166
[Training] EPOCH: 221 EpochTime = 8.652 (s) Losses = ['1.8025'] lr = 0.000162
Save checkpoint at ./current_run/config/configs/nexustest/ckpt-last.pth
[Epoch 222/300][Batch 1/4] BatchTime = 6.765 (s) DataTime = 5.661 (s) Losses = ['1.4882'] lr = 0.000162
[Training] EPOCH: 222 EpochTime = 9.414 (s) Losses = ['1.5042'] lr = 0.000159
Save checkpoint at ./current_run/config/configs/nexustest/ckpt-last.pth
[Epoch 223/300][Batch 1/4] BatchTime = 6.339 (s) DataTime = 5.492 (s) Losses = ['1.5532'] lr = 0.000159
[Training] EPOCH: 223 EpochTime = 9.013 (s) Losses = ['1.7704'] lr = 0.000155
Save checkpoint at ./current_run/config/configs/nexustest/ckpt-last.pth
[Epoch 224/300][Batch 1/4] BatchTime = 7.374 (s) DataTime = 6.494 (s) Losses = ['1.6306'] lr = 0.000155
[Training] EPOCH: 224 EpochTime = 9.988 (s) Losses = ['1.7015'] lr = 0.000151
Save checkpoint at ./current_run/config/configs/nexustest/ckpt-last.pth
[Epoch 225/300][Batch 1/4] BatchTime = 7.072 (s) DataTime = 6.229 (s) Losses = ['2.0359'] lr = 0.000151
[Training] EPOCH: 225 EpochTime = 9.753 (s) Losses = ['1.8201'] lr = 0.000147
Save checkpoint at ./current_run/config/configs/nexustest/ckpt-last.pth
[Epoch 226/300][Batch 1/4] BatchTime = 7.998 (s) DataTime = 7.144 (s) Losses = ['1.7312'] lr = 0.000147
[Training] EPOCH: 226 EpochTime = 10.632 (s) Losses = ['2.1153'] lr = 0.000144
Save checkpoint at ./current_run/config/configs/nexustest/ckpt-last.pth
[Epoch 227/300][Batch 1/4] BatchTime = 6.795 (s) DataTime = 5.849 (s) Losses = ['2.5586'] lr = 0.000144
[Training] EPOCH: 227 EpochTime = 9.390 (s) Losses = ['2.0906'] lr = 0.000140
Save checkpoint at ./current_run/config/configs/nexustest/ckpt-last.pth
[Epoch 228/300][Batch 1/4] BatchTime = 5.938 (s) DataTime = 5.037 (s) Losses = ['1.8173'] lr = 0.000140
[Training] EPOCH: 228 EpochTime = 8.541 (s) Losses = ['1.7650'] lr = 0.000136
Save checkpoint at ./current_run/config/configs/nexustest/ckpt-last.pth
[Epoch 229/300][Batch 1/4] BatchTime = 6.759 (s) DataTime = 5.830 (s) Losses = ['1.5791'] lr = 0.000136
[Training] EPOCH: 229 EpochTime = 9.461 (s) Losses = ['1.8668'] lr = 0.000133
Save checkpoint at ./current_run/config/configs/nexustest/ckpt-last.pth
[Epoch 230/300][Batch 1/4] BatchTime = 7.708 (s) DataTime = 6.915 (s) Losses = ['1.3708'] lr = 0.000133
[Training] EPOCH: 230 EpochTime = 10.350 (s) Losses = ['1.7202'] lr = 0.000129
Save checkpoint at ./current_run/config/configs/nexustest/ckpt-last.pth
[Epoch 231/300][Batch 1/4] BatchTime = 5.978 (s) DataTime = 5.100 (s) Losses = ['2.0009'] lr = 0.000129
[Training] EPOCH: 231 EpochTime = 8.584 (s) Losses = ['1.6525'] lr = 0.000126
Save checkpoint at ./current_run/config/configs/nexustest/ckpt-last.pth
[Epoch 232/300][Batch 1/4] BatchTime = 6.524 (s) DataTime = 5.638 (s) Losses = ['2.0289'] lr = 0.000126
[Training] EPOCH: 232 EpochTime = 9.238 (s) Losses = ['1.6241'] lr = 0.000122
Save checkpoint at ./current_run/config/configs/nexustest/ckpt-last.pth
[Epoch 233/300][Batch 1/4] BatchTime = 6.277 (s) DataTime = 5.425 (s) Losses = ['2.5593'] lr = 0.000122
[Training] EPOCH: 233 EpochTime = 9.142 (s) Losses = ['1.8237'] lr = 0.000119
Save checkpoint at ./current_run/config/configs/nexustest/ckpt-last.pth
[Epoch 234/300][Batch 1/4] BatchTime = 6.342 (s) DataTime = 5.471 (s) Losses = ['1.6932'] lr = 0.000119
[Training] EPOCH: 234 EpochTime = 9.088 (s) Losses = ['1.4789'] lr = 0.000116
Save checkpoint at ./current_run/config/configs/nexustest/ckpt-last.pth
[Epoch 235/300][Batch 1/4] BatchTime = 6.685 (s) DataTime = 5.812 (s) Losses = ['1.6208'] lr = 0.000116
[Training] EPOCH: 235 EpochTime = 9.348 (s) Losses = ['1.6734'] lr = 0.000112
Save checkpoint at ./current_run/config/configs/nexustest/ckpt-last.pth
[Epoch 236/300][Batch 1/4] BatchTime = 6.115 (s) DataTime = 5.246 (s) Losses = ['1.8206'] lr = 0.000112
[Training] EPOCH: 236 EpochTime = 8.758 (s) Losses = ['1.9471'] lr = 0.000109
Save checkpoint at ./current_run/config/configs/nexustest/ckpt-last.pth
[Epoch 237/300][Batch 1/4] BatchTime = 7.289 (s) DataTime = 6.427 (s) Losses = ['1.5472'] lr = 0.000109
[Training] EPOCH: 237 EpochTime = 9.828 (s) Losses = ['1.7442'] lr = 0.000106
Save checkpoint at ./current_run/config/configs/nexustest/ckpt-last.pth
[Epoch 238/300][Batch 1/4] BatchTime = 6.417 (s) DataTime = 5.602 (s) Losses = ['2.0405'] lr = 0.000106
[Training] EPOCH: 238 EpochTime = 9.077 (s) Losses = ['1.5371'] lr = 0.000103
Save checkpoint at ./current_run/config/configs/nexustest/ckpt-last.pth
[Epoch 239/300][Batch 1/4] BatchTime = 7.167 (s) DataTime = 6.294 (s) Losses = ['1.3643'] lr = 0.000103
[Training] EPOCH: 239 EpochTime = 9.795 (s) Losses = ['1.7790'] lr = 0.000099
Save checkpoint at ./current_run/config/configs/nexustest/ckpt-last.pth
[Epoch 240/300][Batch 1/4] BatchTime = 6.609 (s) DataTime = 5.707 (s) Losses = ['2.2462'] lr = 0.000099
[Training] EPOCH: 240 EpochTime = 9.318 (s) Losses = ['1.8112'] lr = 0.000096
Save checkpoint at ./current_run/config/configs/nexustest/ckpt-last.pth
[Epoch 241/300][Batch 1/4] BatchTime = 6.768 (s) DataTime = 5.909 (s) Losses = ['1.8208'] lr = 0.000096
[Training] EPOCH: 241 EpochTime = 9.470 (s) Losses = ['1.7222'] lr = 0.000093
Save checkpoint at ./current_run/config/configs/nexustest/ckpt-last.pth
[Epoch 242/300][Batch 1/4] BatchTime = 6.730 (s) DataTime = 5.856 (s) Losses = ['1.8090'] lr = 0.000093
[Training] EPOCH: 242 EpochTime = 9.362 (s) Losses = ['1.8621'] lr = 0.000090
Save checkpoint at ./current_run/config/configs/nexustest/ckpt-last.pth
[Epoch 243/300][Batch 1/4] BatchTime = 7.056 (s) DataTime = 6.199 (s) Losses = ['1.8433'] lr = 0.000090
[Training] EPOCH: 243 EpochTime = 9.917 (s) Losses = ['1.5865'] lr = 0.000087
Save checkpoint at ./current_run/config/configs/nexustest/ckpt-last.pth
[Epoch 244/300][Batch 1/4] BatchTime = 7.554 (s) DataTime = 6.703 (s) Losses = ['1.4396'] lr = 0.000087
[Training] EPOCH: 244 EpochTime = 10.160 (s) Losses = ['1.5854'] lr = 0.000084
Save checkpoint at ./current_run/config/configs/nexustest/ckpt-last.pth
[Epoch 245/300][Batch 1/4] BatchTime = 6.743 (s) DataTime = 5.832 (s) Losses = ['1.5903'] lr = 0.000084
[Training] EPOCH: 245 EpochTime = 9.376 (s) Losses = ['1.4940'] lr = 0.000082
Save checkpoint at ./current_run/config/configs/nexustest/ckpt-last.pth
[Epoch 246/300][Batch 1/4] BatchTime = 6.269 (s) DataTime = 5.418 (s) Losses = ['1.4107'] lr = 0.000082
[Training] EPOCH: 246 EpochTime = 8.882 (s) Losses = ['1.7922'] lr = 0.000079
Save checkpoint at ./current_run/config/configs/nexustest/ckpt-last.pth
[Epoch 247/300][Batch 1/4] BatchTime = 7.148 (s) DataTime = 6.275 (s) Losses = ['2.2443'] lr = 0.000079
[Training] EPOCH: 247 EpochTime = 9.820 (s) Losses = ['1.9366'] lr = 0.000076
Save checkpoint at ./current_run/config/configs/nexustest/ckpt-last.pth
[Epoch 248/300][Batch 1/4] BatchTime = 5.825 (s) DataTime = 4.951 (s) Losses = ['1.4568'] lr = 0.000076
[Training] EPOCH: 248 EpochTime = 8.442 (s) Losses = ['1.5731'] lr = 0.000073
Save checkpoint at ./current_run/config/configs/nexustest/ckpt-last.pth
[Epoch 249/300][Batch 1/4] BatchTime = 7.192 (s) DataTime = 6.325 (s) Losses = ['1.1893'] lr = 0.000073
[Training] EPOCH: 249 EpochTime = 11.409 (s) Losses = ['1.4541'] lr = 0.000071
Save checkpoint at ./current_run/config/configs/nexustest/ckpt-last.pth
[Epoch 250/300][Batch 1/4] BatchTime = 6.494 (s) DataTime = 5.609 (s) Losses = ['1.3553'] lr = 0.000071
[Training] EPOCH: 250 EpochTime = 9.176 (s) Losses = ['1.5861'] lr = 0.000068
Save checkpoint at ./current_run/config/configs/nexustest/ckpt-last.pth
Save checkpoint at ./current_run/config/configs/nexustest/ckpt-epoch-250.pth
[Epoch 251/300][Batch 1/4] BatchTime = 6.376 (s) DataTime = 5.574 (s) Losses = ['2.5177'] lr = 0.000068
[Training] EPOCH: 251 EpochTime = 8.941 (s) Losses = ['1.6859'] lr = 0.000065
Save checkpoint at ./current_run/config/configs/nexustest/ckpt-last.pth
[Epoch 252/300][Batch 1/4] BatchTime = 7.882 (s) DataTime = 7.032 (s) Losses = ['1.5200'] lr = 0.000065
[Training] EPOCH: 252 EpochTime = 10.616 (s) Losses = ['1.7574'] lr = 0.000063
Save checkpoint at ./current_run/config/configs/nexustest/ckpt-last.pth
[Epoch 253/300][Batch 1/4] BatchTime = 6.618 (s) DataTime = 5.752 (s) Losses = ['1.2814'] lr = 0.000063
[Training] EPOCH: 253 EpochTime = 9.304 (s) Losses = ['1.5261'] lr = 0.000060
Save checkpoint at ./current_run/config/configs/nexustest/ckpt-last.pth
[Epoch 254/300][Batch 1/4] BatchTime = 6.808 (s) DataTime = 5.958 (s) Losses = ['2.2646'] lr = 0.000060
[Training] EPOCH: 254 EpochTime = 9.647 (s) Losses = ['1.8284'] lr = 0.000058
Save checkpoint at ./current_run/config/configs/nexustest/ckpt-last.pth
[Epoch 255/300][Batch 1/4] BatchTime = 6.183 (s) DataTime = 5.328 (s) Losses = ['1.4783'] lr = 0.000058
[Training] EPOCH: 255 EpochTime = 8.808 (s) Losses = ['1.6945'] lr = 0.000055
Save checkpoint at ./current_run/config/configs/nexustest/ckpt-last.pth
[Epoch 256/300][Batch 1/4] BatchTime = 6.856 (s) DataTime = 5.932 (s) Losses = ['2.0474'] lr = 0.000055
[Training] EPOCH: 256 EpochTime = 9.451 (s) Losses = ['1.7067'] lr = 0.000053
Save checkpoint at ./current_run/config/configs/nexustest/ckpt-last.pth
[Epoch 257/300][Batch 1/4] BatchTime = 7.098 (s) DataTime = 6.227 (s) Losses = ['1.1158'] lr = 0.000053
[Training] EPOCH: 257 EpochTime = 9.780 (s) Losses = ['1.7081'] lr = 0.000051
Save checkpoint at ./current_run/config/configs/nexustest/ckpt-last.pth
[Epoch 258/300][Batch 1/4] BatchTime = 6.268 (s) DataTime = 5.415 (s) Losses = ['1.3410'] lr = 0.000051
[Training] EPOCH: 258 EpochTime = 8.980 (s) Losses = ['1.8477'] lr = 0.000049
Save checkpoint at ./current_run/config/configs/nexustest/ckpt-last.pth
[Epoch 259/300][Batch 1/4] BatchTime = 6.872 (s) DataTime = 5.963 (s) Losses = ['1.6378'] lr = 0.000049
[Training] EPOCH: 259 EpochTime = 9.539 (s) Losses = ['1.6304'] lr = 0.000046
Save checkpoint at ./current_run/config/configs/nexustest/ckpt-last.pth
[Epoch 260/300][Batch 1/4] BatchTime = 5.946 (s) DataTime = 5.083 (s) Losses = ['1.7352'] lr = 0.000046
[Training] EPOCH: 260 EpochTime = 8.590 (s) Losses = ['1.6428'] lr = 0.000044
Save checkpoint at ./current_run/config/configs/nexustest/ckpt-last.pth
[Epoch 261/300][Batch 1/4] BatchTime = 6.004 (s) DataTime = 5.120 (s) Losses = ['1.6414'] lr = 0.000044
[Training] EPOCH: 261 EpochTime = 8.627 (s) Losses = ['1.6358'] lr = 0.000042
Save checkpoint at ./current_run/config/configs/nexustest/ckpt-last.pth
[Epoch 262/300][Batch 1/4] BatchTime = 6.208 (s) DataTime = 5.370 (s) Losses = ['2.1197'] lr = 0.000042
[Training] EPOCH: 262 EpochTime = 8.837 (s) Losses = ['1.7811'] lr = 0.000040
Save checkpoint at ./current_run/config/configs/nexustest/ckpt-last.pth
[Epoch 263/300][Batch 1/4] BatchTime = 6.027 (s) DataTime = 5.122 (s) Losses = ['1.5661'] lr = 0.000040
[Training] EPOCH: 263 EpochTime = 8.697 (s) Losses = ['1.6542'] lr = 0.000038
Save checkpoint at ./current_run/config/configs/nexustest/ckpt-last.pth
[Epoch 264/300][Batch 1/4] BatchTime = 6.733 (s) DataTime = 5.834 (s) Losses = ['2.2066'] lr = 0.000038
[Training] EPOCH: 264 EpochTime = 9.364 (s) Losses = ['1.9688'] lr = 0.000036
Save checkpoint at ./current_run/config/configs/nexustest/ckpt-last.pth
[Epoch 265/300][Batch 1/4] BatchTime = 7.553 (s) DataTime = 6.437 (s) Losses = ['1.7323'] lr = 0.000036
[Training] EPOCH: 265 EpochTime = 10.149 (s) Losses = ['1.6532'] lr = 0.000034
Save checkpoint at ./current_run/config/configs/nexustest/ckpt-last.pth
[Epoch 266/300][Batch 1/4] BatchTime = 7.900 (s) DataTime = 7.065 (s) Losses = ['1.7961'] lr = 0.000034
[Training] EPOCH: 266 EpochTime = 10.522 (s) Losses = ['1.4634'] lr = 0.000032
Save checkpoint at ./current_run/config/configs/nexustest/ckpt-last.pth
[Epoch 267/300][Batch 1/4] BatchTime = 6.920 (s) DataTime = 5.951 (s) Losses = ['1.4926'] lr = 0.000032
[Training] EPOCH: 267 EpochTime = 9.620 (s) Losses = ['1.4748'] lr = 0.000031
Save checkpoint at ./current_run/config/configs/nexustest/ckpt-last.pth
[Epoch 268/300][Batch 1/4] BatchTime = 6.696 (s) DataTime = 5.846 (s) Losses = ['1.8469'] lr = 0.000031
[Training] EPOCH: 268 EpochTime = 9.367 (s) Losses = ['1.6312'] lr = 0.000029
Save checkpoint at ./current_run/config/configs/nexustest/ckpt-last.pth
[Epoch 269/300][Batch 1/4] BatchTime = 6.294 (s) DataTime = 5.456 (s) Losses = ['1.3531'] lr = 0.000029
[Training] EPOCH: 269 EpochTime = 8.968 (s) Losses = ['1.6543'] lr = 0.000027
Save checkpoint at ./current_run/config/configs/nexustest/ckpt-last.pth
[Epoch 270/300][Batch 1/4] BatchTime = 7.138 (s) DataTime = 6.285 (s) Losses = ['1.6618'] lr = 0.000027
[Training] EPOCH: 270 EpochTime = 9.778 (s) Losses = ['1.5134'] lr = 0.000025
Save checkpoint at ./current_run/config/configs/nexustest/ckpt-last.pth
[Epoch 271/300][Batch 1/4] BatchTime = 6.290 (s) DataTime = 5.440 (s) Losses = ['1.2371'] lr = 0.000025
[Training] EPOCH: 271 EpochTime = 8.925 (s) Losses = ['1.6934'] lr = 0.000024
Save checkpoint at ./current_run/config/configs/nexustest/ckpt-last.pth
[Epoch 272/300][Batch 1/4] BatchTime = 7.808 (s) DataTime = 7.007 (s) Losses = ['1.8302'] lr = 0.000024
[Training] EPOCH: 272 EpochTime = 10.548 (s) Losses = ['1.6966'] lr = 0.000022
Save checkpoint at ./current_run/config/configs/nexustest/ckpt-last.pth
[Epoch 273/300][Batch 1/4] BatchTime = 6.696 (s) DataTime = 5.813 (s) Losses = ['2.8579'] lr = 0.000022
[Training] EPOCH: 273 EpochTime = 9.308 (s) Losses = ['1.6703'] lr = 0.000021
Save checkpoint at ./current_run/config/configs/nexustest/ckpt-last.pth
[Epoch 274/300][Batch 1/4] BatchTime = 5.844 (s) DataTime = 5.013 (s) Losses = ['1.8004'] lr = 0.000021
[Training] EPOCH: 274 EpochTime = 8.531 (s) Losses = ['1.6443'] lr = 0.000019
Save checkpoint at ./current_run/config/configs/nexustest/ckpt-last.pth
[Epoch 275/300][Batch 1/4] BatchTime = 7.058 (s) DataTime = 6.099 (s) Losses = ['2.2361'] lr = 0.000019
[Training] EPOCH: 275 EpochTime = 9.691 (s) Losses = ['1.7389'] lr = 0.000018
Save checkpoint at ./current_run/config/configs/nexustest/ckpt-last.pth
Save checkpoint at ./current_run/config/configs/nexustest/ckpt-epoch-275.pth
[Epoch 276/300][Batch 1/4] BatchTime = 6.577 (s) DataTime = 5.740 (s) Losses = ['1.3251'] lr = 0.000018
[Training] EPOCH: 276 EpochTime = 9.430 (s) Losses = ['1.6171'] lr = 0.000017
Save checkpoint at ./current_run/config/configs/nexustest/ckpt-last.pth
[Epoch 277/300][Batch 1/4] BatchTime = 6.809 (s) DataTime = 5.945 (s) Losses = ['1.5860'] lr = 0.000017
[Training] EPOCH: 277 EpochTime = 9.441 (s) Losses = ['1.7975'] lr = 0.000015
Save checkpoint at ./current_run/config/configs/nexustest/ckpt-last.pth
[Epoch 278/300][Batch 1/4] BatchTime = 6.835 (s) DataTime = 5.940 (s) Losses = ['2.1905'] lr = 0.000015
[Training] EPOCH: 278 EpochTime = 9.502 (s) Losses = ['1.6018'] lr = 0.000014
Save checkpoint at ./current_run/config/configs/nexustest/ckpt-last.pth
[Epoch 279/300][Batch 1/4] BatchTime = 6.739 (s) DataTime = 5.918 (s) Losses = ['1.0858'] lr = 0.000014
[Training] EPOCH: 279 EpochTime = 9.383 (s) Losses = ['1.7165'] lr = 0.000013
Save checkpoint at ./current_run/config/configs/nexustest/ckpt-last.pth
[Epoch 280/300][Batch 1/4] BatchTime = 6.427 (s) DataTime = 5.429 (s) Losses = ['2.0665'] lr = 0.000013
[Training] EPOCH: 280 EpochTime = 9.055 (s) Losses = ['1.7301'] lr = 0.000012
Save checkpoint at ./current_run/config/configs/nexustest/ckpt-last.pth
[Epoch 281/300][Batch 1/4] BatchTime = 7.061 (s) DataTime = 6.177 (s) Losses = ['2.4986'] lr = 0.000012
[Training] EPOCH: 281 EpochTime = 9.737 (s) Losses = ['1.7487'] lr = 0.000011
Save checkpoint at ./current_run/config/configs/nexustest/ckpt-last.pth
[Epoch 282/300][Batch 1/4] BatchTime = 6.801 (s) DataTime = 5.996 (s) Losses = ['1.2457'] lr = 0.000011
[Training] EPOCH: 282 EpochTime = 9.402 (s) Losses = ['1.5411'] lr = 0.000010
Save checkpoint at ./current_run/config/configs/nexustest/ckpt-last.pth
[Epoch 283/300][Batch 1/4] BatchTime = 6.619 (s) DataTime = 5.766 (s) Losses = ['1.8436'] lr = 0.000010
[Training] EPOCH: 283 EpochTime = 9.189 (s) Losses = ['1.6461'] lr = 0.000009
Save checkpoint at ./current_run/config/configs/nexustest/ckpt-last.pth
[Epoch 284/300][Batch 1/4] BatchTime = 6.090 (s) DataTime = 5.212 (s) Losses = ['1.7804'] lr = 0.000009
[Training] EPOCH: 284 EpochTime = 8.746 (s) Losses = ['1.5549'] lr = 0.000008
Save checkpoint at ./current_run/config/configs/nexustest/ckpt-last.pth
[Epoch 285/300][Batch 1/4] BatchTime = 6.956 (s) DataTime = 6.093 (s) Losses = ['1.8280'] lr = 0.000008
[Training] EPOCH: 285 EpochTime = 9.664 (s) Losses = ['1.5473'] lr = 0.000007
Save checkpoint at ./current_run/config/configs/nexustest/ckpt-last.pth
[Epoch 286/300][Batch 1/4] BatchTime = 5.848 (s) DataTime = 4.972 (s) Losses = ['1.3173'] lr = 0.000007
[Training] EPOCH: 286 EpochTime = 8.716 (s) Losses = ['1.5667'] lr = 0.000006
Save checkpoint at ./current_run/config/configs/nexustest/ckpt-last.pth
[Epoch 287/300][Batch 1/4] BatchTime = 6.634 (s) DataTime = 5.778 (s) Losses = ['1.5488'] lr = 0.000006
[Training] EPOCH: 287 EpochTime = 9.294 (s) Losses = ['1.6146'] lr = 0.000006
Save checkpoint at ./current_run/config/configs/nexustest/ckpt-last.pth
[Epoch 288/300][Batch 1/4] BatchTime = 7.286 (s) DataTime = 6.445 (s) Losses = ['2.4887'] lr = 0.000006
[Training] EPOCH: 288 EpochTime = 9.989 (s) Losses = ['1.7484'] lr = 0.000005
Save checkpoint at ./current_run/config/configs/nexustest/ckpt-last.pth
[Epoch 289/300][Batch 1/4] BatchTime = 6.638 (s) DataTime = 5.700 (s) Losses = ['1.9653'] lr = 0.000005
[Training] EPOCH: 289 EpochTime = 9.299 (s) Losses = ['1.8366'] lr = 0.000004
Save checkpoint at ./current_run/config/configs/nexustest/ckpt-last.pth
